\BOOKMARK [1][-]{section.1}{\376\377\000C\000a\000m\000e\000r\000a\000s\000\040\000a\000n\000d\000\040\000T\000r\000a\000n\000s\000f\000o\000r\000m\000a\000t\000i\000o\000n\000s}{}% 1
\BOOKMARK [2][-]{subsection.1.1}{\376\377\000L\000i\000e\000\040\000G\000r\000o\000u\000p\000s\000\040\000a\000n\000d\000\040\000L\000i\000e\000\040\000A\000l\000g\000e\000b\000r\000a\000s}{section.1}% 2
\BOOKMARK [2][-]{subsection.1.2}{\376\377\000C\000a\000m\000e\000r\000a\000\040\000P\000a\000r\000a\000m\000e\000t\000e\000r\000i\000z\000a\000t\000i\000o\000n\000s}{section.1}% 3
\BOOKMARK [2][-]{subsection.1.3}{\376\377\000S\000a\000m\000p\000l\000i\000n\000g\000\040\000a\000n\000d\000\040\000Q\000u\000a\000n\000t\000i\000z\000a\000t\000i\000o\000n}{section.1}% 4
\BOOKMARK [2][-]{subsection.1.4}{\376\377\000I\000m\000a\000g\000e\000\040\000C\000o\000m\000p\000r\000e\000s\000s\000i\000o\000n}{section.1}% 5
\BOOKMARK [1][-]{section.2}{\376\377\000I\000m\000a\000g\000e\000\040\000P\000r\000o\000c\000e\000s\000s\000i\000n\000g}{}% 6
\BOOKMARK [2][-]{subsection.2.1}{\376\377\000B\000a\000s\000i\000c\000\040\000F\000u\000n\000c\000t\000i\000o\000n\000a\000l\000i\000t\000y}{section.2}% 7
\BOOKMARK [3][-]{subsubsection.2.1.1}{\376\377\000C\000o\000l\000o\000r\000\040\000H\000i\000s\000t\000o\000g\000r\000a\000m\000s}{subsection.2.1}% 8
\BOOKMARK [2][-]{subsection.2.2}{\376\377\000D\000r\000a\000w\000i\000n\000g\000\040\000a\000n\000d\000\040\000T\000r\000a\000n\000s\000f\000o\000r\000m\000a\000t\000i\000o\000n\000s}{section.2}% 9
\BOOKMARK [3][-]{subsubsection.2.2.1}{\376\377\000M\000a\000s\000k\000i\000n\000g}{subsection.2.2}% 10
\BOOKMARK [2][-]{subsection.2.3}{\376\377\000K\000e\000r\000n\000e\000l\000s}{section.2}% 11
\BOOKMARK [1][-]{section.3}{\376\377\000R\000e\000g\000i\000o\000n\000\040\000B\000a\000s\000e\000d\000\040\000O\000b\000j\000e\000c\000t\000\040\000D\000e\000t\000e\000c\000t\000i\000o\000n}{}% 12
\BOOKMARK [2][-]{subsection.3.1}{\376\377\000R\000C\000N\000N}{section.3}% 13
\BOOKMARK [2][-]{subsection.3.2}{\376\377\000F\000a\000s\000t\000\040\000R\000C\000N\000N}{section.3}% 14
\BOOKMARK [2][-]{subsection.3.3}{\376\377\000F\000a\000s\000t\000e\000r\000\040\000R\000C\000N\000N}{section.3}% 15
\BOOKMARK [2][-]{subsection.3.4}{\376\377\000M\000a\000s\000k\000\040\000R\000C\000N\000N}{section.3}% 16
\BOOKMARK [1][-]{section.4}{\376\377\000Y\000O\000L\000O}{}% 17
\BOOKMARK [1][-]{section.5}{\376\377\000S\000i\000m\000p\000l\000e\000\040\000O\000n\000l\000i\000n\000e\000\040\000R\000e\000a\000l\000t\000i\000m\000e\000\040\000T\000r\000a\000c\000k\000i\000n\000g}{}% 18
\BOOKMARK [2][-]{subsection.5.1}{\376\377\000S\000O\000R\000T}{section.5}% 19
\BOOKMARK [2][-]{subsection.5.2}{\376\377\000D\000e\000e\000p\000S\000O\000R\000T}{section.5}% 20
\BOOKMARK [2][-]{subsection.5.3}{\376\377\000S\000t\000r\000o\000n\000g\000S\000O\000R\000T}{section.5}% 21
\BOOKMARK [1][-]{section.6}{\376\377\000B\000y\000t\000e\000T\000r\000a\000c\000k}{}% 22
