\BOOKMARK [1][-]{section.1}{\376\377\000M\000u\000l\000t\000i\000-\000L\000a\000y\000e\000r\000e\000d\000\040\000P\000e\000r\000c\000e\000p\000t\000r\000o\000n\000s}{}% 1
\BOOKMARK [2][-]{subsection.1.1}{\376\377\000G\000e\000n\000e\000r\000a\000l\000i\000z\000e\000d\000\040\000L\000i\000n\000e\000a\000r\000\040\000M\000o\000d\000e\000l\000s}{section.1}% 2
\BOOKMARK [2][-]{subsection.1.2}{\376\377\000A\000r\000c\000h\000i\000t\000e\000c\000t\000u\000r\000e}{section.1}% 3
\BOOKMARK [2][-]{subsection.1.3}{\376\377\000U\000n\000i\000v\000e\000r\000s\000a\000l\000\040\000A\000p\000p\000r\000o\000x\000i\000m\000a\000t\000i\000o\000n\000\040\000T\000h\000e\000o\000r\000e\000m}{section.1}% 4
\BOOKMARK [2][-]{subsection.1.4}{\376\377\000F\000o\000r\000w\000a\000r\000d\000\040\000a\000n\000d\000\040\000B\000a\000c\000k\000\040\000P\000r\000o\000p\000a\000g\000a\000t\000i\000o\000n}{section.1}% 5
\BOOKMARK [3][-]{subsubsection.1.4.1}{\376\377\000S\000u\000m\000m\000a\000r\000y}{subsection.1.4}% 6
\BOOKMARK [2][-]{subsection.1.5}{\376\377\000N\000e\000u\000r\000a\000l\000\040\000N\000e\000t\000\040\000f\000r\000o\000m\000\040\000S\000c\000r\000a\000t\000c\000h}{section.1}% 7
\BOOKMARK [2][-]{subsection.1.6}{\376\377\000Q\000u\000i\000c\000k\000\040\000S\000t\000a\000r\000t\000\040\000t\000o\000\040\000P\000y\000T\000o\000r\000c\000h}{section.1}% 8
\BOOKMARK [3][-]{subsubsection.1.6.1}{\376\377\000D\000a\000t\000a\000s\000e\000t\000s\000\040\000a\000n\000d\000\040\000F\000e\000a\000t\000u\000r\000e\000s\000/\000L\000a\000b\000e\000l\000\040\000T\000r\000a\000n\000s\000f\000o\000r\000m\000a\000t\000i\000o\000n\000s}{subsection.1.6}% 9
\BOOKMARK [3][-]{subsubsection.1.6.2}{\376\377\000B\000u\000i\000l\000d\000i\000n\000g\000\040\000a\000\040\000N\000e\000u\000r\000a\000l\000\040\000N\000e\000t}{subsection.1.6}% 10
\BOOKMARK [3][-]{subsubsection.1.6.3}{\376\377\000A\000u\000t\000o\000m\000a\000t\000i\000c\000\040\000D\000i\000f\000f\000e\000r\000e\000n\000t\000i\000a\000t\000i\000o\000n}{subsection.1.6}% 11
\BOOKMARK [3][-]{subsubsection.1.6.4}{\376\377\000O\000p\000t\000i\000m\000i\000z\000i\000n\000g\000\040\000M\000o\000d\000e\000l\000\040\000P\000a\000r\000a\000m\000e\000t\000e\000r\000s}{subsection.1.6}% 12
\BOOKMARK [1][-]{section.2}{\376\377\000T\000r\000a\000i\000n\000i\000n\000g\000\040\000S\000t\000a\000b\000i\000l\000i\000t\000y}{}% 13
\BOOKMARK [2][-]{subsection.2.1}{\376\377\000W\000e\000i\000g\000h\000t\000\040\000I\000n\000i\000t\000i\000a\000l\000i\000z\000a\000t\000i\000o\000n}{section.2}% 14
\BOOKMARK [2][-]{subsection.2.2}{\376\377\000O\000p\000t\000i\000m\000i\000z\000e\000r\000s}{section.2}% 15
\BOOKMARK [2][-]{subsection.2.3}{\376\377\000V\000a\000n\000i\000s\000h\000i\000n\000g\000\040\000G\000r\000a\000d\000i\000e\000n\000t\000\040\000P\000r\000o\000b\000l\000e\000m}{section.2}% 16
\BOOKMARK [3][-]{subsubsection.2.3.1}{\376\377\000A\000c\000t\000i\000v\000a\000t\000i\000o\000n\000\040\000F\000u\000n\000c\000t\000i\000o\000n\000s}{subsection.2.3}% 17
\BOOKMARK [3][-]{subsubsection.2.3.2}{\376\377\000R\000e\000s\000i\000d\000u\000a\000l\000\040\000C\000o\000n\000n\000e\000c\000t\000i\000o\000n\000s}{subsection.2.3}% 18
\BOOKMARK [2][-]{subsection.2.4}{\376\377\000E\000x\000p\000l\000o\000d\000i\000n\000g\000\040\000G\000r\000a\000d\000i\000e\000n\000t\000\040\000P\000r\000o\000b\000l\000e\000m}{section.2}% 19
\BOOKMARK [3][-]{subsubsection.2.4.1}{\376\377\000N\000o\000r\000m\000a\000l\000i\000z\000a\000t\000i\000o\000n\000\040\000L\000a\000y\000e\000r\000s}{subsection.2.4}% 20
\BOOKMARK [3][-]{subsubsection.2.4.2}{\376\377\000M\000a\000x\000\040\000N\000o\000r\000m\000\040\000R\000e\000g\000u\000l\000a\000r\000i\000z\000a\000t\000i\000o\000n}{subsection.2.4}% 21
\BOOKMARK [1][-]{section.3}{\376\377\000R\000e\000g\000u\000l\000a\000r\000i\000z\000a\000t\000i\000o\000n}{}% 22
\BOOKMARK [2][-]{subsection.3.1}{\376\377\000E\000a\000r\000l\000y\000\040\000S\000t\000o\000p\000p\000i\000n\000g}{section.3}% 23
\BOOKMARK [2][-]{subsection.3.2}{\376\377\000L\0001\000\040\000a\000n\000d\000\040\000L\0002\000\040\000R\000e\000g\000u\000l\000a\000r\000i\000z\000a\000t\000i\000o\000n}{section.3}% 24
\BOOKMARK [2][-]{subsection.3.3}{\376\377\000D\000r\000o\000p\000o\000u\000t}{section.3}% 25
\BOOKMARK [2][-]{subsection.3.4}{\376\377\000D\000a\000t\000a\000\040\000A\000u\000g\000m\000e\000n\000t\000a\000t\000i\000o\000n}{section.3}% 26
\BOOKMARK [2][-]{subsection.3.5}{\376\377\000N\000e\000t\000w\000o\000r\000k\000\040\000P\000r\000u\000n\000i\000n\000g}{section.3}% 27
\BOOKMARK [2][-]{subsection.3.6}{\376\377\000S\000u\000m\000m\000a\000r\000y}{section.3}% 28
\BOOKMARK [1][-]{section.4}{\376\377\000C\000o\000n\000v\000o\000l\000u\000t\000i\000o\000n\000a\000l\000\040\000N\000e\000u\000r\000a\000l\000\040\000N\000e\000t\000w\000o\000r\000k\000s}{}% 29
\BOOKMARK [2][-]{subsection.4.1}{\376\377\000K\000e\000r\000n\000e\000l\000s}{section.4}% 30
\BOOKMARK [2][-]{subsection.4.2}{\376\377\000C\000o\000n\000v\000o\000l\000u\000t\000i\000o\000n\000a\000l\000\040\000L\000a\000y\000e\000r\000s}{section.4}% 31
\BOOKMARK [2][-]{subsection.4.3}{\376\377\000P\000o\000o\000l\000i\000n\000g\000\040\000L\000a\000y\000e\000r\000s}{section.4}% 32
\BOOKMARK [2][-]{subsection.4.4}{\376\377\000B\000a\000c\000k\000p\000r\000o\000p\000a\000g\000a\000t\000i\000o\000n}{section.4}% 33
\BOOKMARK [2][-]{subsection.4.5}{\376\377\000I\000m\000p\000l\000e\000m\000e\000n\000t\000a\000t\000i\000o\000n\000\040\000f\000r\000o\000m\000\040\000S\000c\000r\000a\000t\000c\000h}{section.4}% 34
\BOOKMARK [2][-]{subsection.4.6}{\376\377\000T\000o\000t\000a\000l\000\040\000A\000r\000c\000h\000i\000t\000e\000c\000t\000u\000r\000e\000\040\000w\000i\000t\000h\000\040\000P\000y\000T\000o\000r\000c\000h}{section.4}% 35
\BOOKMARK [2][-]{subsection.4.7}{\376\377\000O\000b\000j\000e\000c\000t\000\040\000D\000e\000t\000e\000c\000t\000i\000o\000n}{section.4}% 36
\BOOKMARK [3][-]{subsubsection.4.7.1}{\376\377\000R\000e\000g\000i\000o\000n\000-\000B\000a\000s\000e\000d\000\040\000C\000N\000N}{subsection.4.7}% 37
\BOOKMARK [3][-]{subsubsection.4.7.2}{\376\377\000F\000a\000s\000t\000\040\000R\000C\000N\000N}{subsection.4.7}% 38
\BOOKMARK [3][-]{subsubsection.4.7.3}{\376\377\000F\000a\000s\000t\000e\000r\000\040\000R\000C\000N\000N}{subsection.4.7}% 39
\BOOKMARK [1][-]{section.5}{\376\377\000G\000e\000n\000e\000r\000a\000t\000i\000v\000e\000\040\000M\000o\000d\000e\000l\000s\000\040\0001}{}% 40
\BOOKMARK [2][-]{subsection.5.1}{\376\377\000N\000a\000i\000v\000e\000\040\000B\000a\000y\000e\000s\000\040\000a\000n\000d\000\040\000L\000D\000A}{section.5}% 41
\BOOKMARK [2][-]{subsection.5.2}{\376\377\000G\000r\000a\000p\000h\000i\000c\000a\000l\000\040\000M\000o\000d\000e\000l\000s}{section.5}% 42
\BOOKMARK [2][-]{subsection.5.3}{\376\377\000L\000i\000n\000e\000a\000r\000\040\000F\000a\000c\000t\000o\000r\000\040\000M\000o\000d\000e\000l\000s\000\040\000a\000n\000d\000\040\000F\000a\000c\000t\000o\000r\000\040\000A\000n\000a\000l\000y\000s\000i\000s}{section.5}% 43
\BOOKMARK [2][-]{subsection.5.4}{\376\377\000P\000r\000i\000n\000c\000i\000p\000a\000l\000\040\000C\000o\000m\000p\000o\000n\000e\000n\000t\000\040\000A\000n\000a\000l\000y\000s\000i\000s}{section.5}% 44
\BOOKMARK [1][-]{section.6}{\376\377\000G\000e\000n\000e\000r\000a\000t\000i\000v\000e\000\040\000M\000o\000d\000e\000l\000s\000\040\0002}{}% 45
\BOOKMARK [2][-]{subsection.6.1}{\376\377\000R\000e\000s\000t\000r\000i\000c\000t\000e\000d\000\040\000B\000o\000l\000t\000z\000m\000a\000n\000n\000\040\000M\000a\000c\000h\000i\000n\000e\000s}{section.6}% 46
\BOOKMARK [2][-]{subsection.6.2}{\376\377\000D\000e\000e\000p\000\040\000B\000e\000l\000i\000e\000f\000\040\000N\000e\000t\000w\000o\000r\000k\000s}{section.6}% 47
\BOOKMARK [1][-]{section.7}{\376\377\000G\000e\000n\000e\000r\000a\000t\000i\000v\000e\000\040\000M\000o\000d\000e\000l\000s\000\040\0003}{}% 48
\BOOKMARK [2][-]{subsection.7.1}{\376\377\000A\000u\000t\000o\000e\000n\000c\000o\000d\000e\000r\000s}{section.7}% 49
\BOOKMARK [2][-]{subsection.7.2}{\376\377\000V\000a\000r\000i\000a\000t\000i\000o\000n\000a\000l\000\040\000A\000u\000t\000o\000e\000n\000c\000o\000d\000e\000r\000s}{section.7}% 50
\BOOKMARK [2][-]{subsection.7.3}{\376\377\000I\000m\000p\000o\000r\000t\000a\000n\000c\000e\000\040\000W\000e\000i\000g\000h\000t\000e\000d\000\040\000A\000u\000t\000o\000e\000n\000c\000o\000d\000e\000r\000s}{section.7}% 51
\BOOKMARK [2][-]{subsection.7.4}{\376\377\000C\000o\000n\000d\000i\000t\000i\000o\000n\000a\000l\000\040\000V\000A\000E\000s}{section.7}% 52
\BOOKMARK [1][-]{section.8}{\376\377\000G\000e\000n\000e\000r\000a\000t\000i\000v\000e\000\040\000M\000o\000d\000e\000l\000s\000\040\0004}{}% 53
\BOOKMARK [2][-]{subsection.8.1}{\376\377\000G\000e\000n\000e\000r\000a\000t\000i\000v\000e\000\040\000A\000d\000v\000e\000r\000s\000a\000r\000i\000a\000l\000\040\000N\000e\000t\000w\000o\000r\000k\000s}{section.8}% 54
\BOOKMARK [1][-]{section.9}{\376\377\000R\000e\000c\000u\000r\000r\000e\000n\000t\000\040\000N\000e\000u\000r\000a\000l\000\040\000N\000e\000t\000w\000o\000r\000k\000s}{}% 55
\BOOKMARK [2][-]{subsection.9.1}{\376\377\000U\000n\000i\000d\000i\000r\000e\000c\000t\000i\000o\000n\000a\000l\000\040\000R\000N\000N\000s}{section.9}% 56
\BOOKMARK [3][-]{subsubsection.9.1.1}{\376\377\000L\000o\000s\000s\000\040\000F\000u\000n\000c\000t\000i\000o\000n\000s}{subsection.9.1}% 57
\BOOKMARK [3][-]{subsubsection.9.1.2}{\376\377\000B\000a\000c\000k\000p\000r\000o\000p\000a\000g\000a\000t\000i\000o\000n\000\040\000T\000h\000r\000o\000u\000g\000h\000\040\000T\000i\000m\000e}{subsection.9.1}% 58
\BOOKMARK [3][-]{subsubsection.9.1.3}{\376\377\000S\000t\000a\000c\000k\000e\000d\000\040\000U\000n\000i\000d\000i\000r\000e\000c\000t\000i\000o\000n\000a\000l\000\040\000R\000N\000N\000s}{subsection.9.1}% 59
\BOOKMARK [2][-]{subsection.9.2}{\376\377\000B\000i\000d\000i\000r\000e\000c\000t\000i\000o\000n\000a\000l\000\040\000R\000N\000N\000s}{section.9}% 60
\BOOKMARK [3][-]{subsubsection.9.2.1}{\376\377\000P\000y\000T\000o\000r\000c\000h\000\040\000I\000m\000p\000l\000e\000m\000e\000n\000t\000a\000t\000i\000o\000n}{subsection.9.2}% 61
\BOOKMARK [2][-]{subsection.9.3}{\376\377\000L\000o\000n\000g\000\040\000S\000h\000o\000r\000t\000\040\000T\000e\000r\000m\000\040\000M\000e\000m\000o\000r\000y\000\040\000\050\000L\000S\000T\000M\000s\000\051}{section.9}% 62
\BOOKMARK [3][-]{subsubsection.9.3.1}{\376\377\000M\000u\000l\000t\000i\000l\000a\000y\000e\000r\000\040\000L\000S\000T\000M\000s}{subsection.9.3}% 63
\BOOKMARK [2][-]{subsection.9.4}{\376\377\000G\000a\000t\000e\000d\000\040\000R\000e\000c\000u\000r\000r\000e\000n\000t\000\040\000U\000n\000i\000t\000s}{section.9}% 64
\BOOKMARK [1][-]{section.10}{\376\377\000E\000n\000c\000o\000d\000e\000r\000-\000D\000e\000c\000o\000d\000e\000r\000\040\000M\000o\000d\000e\000l\000s}{}% 65
\BOOKMARK [2][-]{subsection.10.1}{\376\377\000S\000e\000q\000u\000e\000n\000c\000e\000\040\000t\000o\000\040\000S\000e\000q\000u\000e\000n\000c\000e}{section.10}% 66
\BOOKMARK [3][-]{subsubsection.10.1.1}{\376\377\000D\000e\000c\000o\000d\000i\000n\000g\000\040\000S\000c\000h\000e\000m\000e\000s}{subsection.10.1}% 67
\BOOKMARK [2][-]{subsection.10.2}{\376\377\000A\000u\000t\000o\000e\000n\000c\000o\000d\000e\000r\000s}{section.10}% 68
\BOOKMARK [2][-]{subsection.10.3}{\376\377\000I\000m\000a\000g\000e\000\040\000C\000a\000p\000t\000i\000o\000n\000i\000n\000g}{section.10}% 69
\BOOKMARK [1][-]{section.11}{\376\377\000A\000t\000t\000e\000n\000t\000i\000o\000n\000\040\000M\000o\000d\000e\000l\000s}{}% 70
\BOOKMARK [2][-]{subsection.11.1}{\376\377\000S\000e\000q\0002\000S\000e\000q\000\040\000w\000i\000t\000h\000\040\000A\000t\000t\000e\000n\000t\000i\000o\000n}{section.11}% 71
\BOOKMARK [2][-]{subsection.11.2}{\376\377\000S\000e\000l\000f\000-\000A\000t\000t\000e\000n\000t\000i\000o\000n}{section.11}% 72
\BOOKMARK [1][-]{section.12}{\376\377\000T\000r\000a\000n\000s\000f\000o\000r\000m\000e\000r\000s}{}% 73
\BOOKMARK [1][-]{section.13}{\376\377\000G\000e\000n\000e\000r\000a\000t\000i\000v\000e\000\040\000M\000o\000d\000e\000l\000s}{}% 74
\BOOKMARK [2][-]{subsection.13.1}{\376\377\000V\000a\000r\000i\000a\000t\000i\000o\000n\000a\000l\000\040\000A\000u\000t\000o\000e\000n\000c\000o\000d\000e\000r\000s}{section.13}% 75
\BOOKMARK [2][-]{subsection.13.2}{\376\377\000G\000e\000n\000e\000r\000a\000t\000i\000v\000e\000\040\000A\000d\000v\000e\000r\000s\000a\000r\000i\000a\000l\000\040\000N\000e\000t\000w\000o\000r\000k\000s\000\040\000\050\000G\000A\000N\000s\000\051}{section.13}% 76
\BOOKMARK [1][-]{section.14}{\376\377\000D\000e\000e\000p\000\040\000R\000e\000i\000n\000f\000o\000r\000c\000e\000m\000e\000n\000t\000\040\000L\000e\000a\000r\000n\000i\000n\000g}{}% 77
