This is pdfTeX, Version 3.141592653-2.6-1.40.25 (TeX Live 2023/Arch Linux) (preloaded format=pdflatex 2023.11.8)  20 NOV 2023 01:27
entering extended mode
 restricted \write18 enabled.
 file:line:error style messages enabled.
 %&-line parsing enabled.
**Deep_Learning.tex
(./Deep_Learning.tex
LaTeX2e <2022-11-01> patch level 1
L3 programming layer <2023-02-22> (/usr/share/texmf-dist/tex/latex/base/article.cls
Document Class: article 2022/07/02 v1.4n Standard LaTeX document class
(/usr/share/texmf-dist/tex/latex/base/size10.clo
File: size10.clo 2022/07/02 v1.4n Standard LaTeX file (size option)
)
\c@part=\count185
\c@section=\count186
\c@subsection=\count187
\c@subsubsection=\count188
\c@paragraph=\count189
\c@subparagraph=\count190
\c@figure=\count191
\c@table=\count192
\abovecaptionskip=\skip48
\belowcaptionskip=\skip49
\bibindent=\dimen140
) (/usr/share/texmf-dist/tex/latex/geometry/geometry.sty
Package: geometry 2020/01/02 v5.9 Page Geometry
 (/usr/share/texmf-dist/tex/latex/graphics/keyval.sty
Package: keyval 2022/05/29 v1.15 key=value parser (DPC)
\KV@toks@=\toks16
) (/usr/share/texmf-dist/tex/generic/iftex/ifvtex.sty
Package: ifvtex 2019/10/25 v1.7 ifvtex legacy package. Use iftex instead.
 (/usr/share/texmf-dist/tex/generic/iftex/iftex.sty
Package: iftex 2022/02/03 v1.0f TeX engine tests
))
\Gm@cnth=\count193
\Gm@cntv=\count194
\c@Gm@tempcnt=\count195
\Gm@bindingoffset=\dimen141
\Gm@wd@mp=\dimen142
\Gm@odd@mp=\dimen143
\Gm@even@mp=\dimen144
\Gm@layoutwidth=\dimen145
\Gm@layoutheight=\dimen146
\Gm@layouthoffset=\dimen147
\Gm@layoutvoffset=\dimen148
\Gm@dimlist=\toks17
) (/usr/share/texmf-dist/tex/latex/base/inputenc.sty
Package: inputenc 2021/02/14 v1.3d Input encoding file
\inpenc@prehook=\toks18
\inpenc@posthook=\toks19
) (/usr/share/texmf-dist/tex/generic/babel/babel.sty
Package: babel 2023/02/13 3.86 The Babel package
\babel@savecnt=\count196
\U@D=\dimen149
\l@unhyphenated=\language3
 (/usr/share/texmf-dist/tex/generic/babel/txtbabel.def)
\bbl@readstream=\read2
\bbl@dirlevel=\count197
 (/usr/share/texmf-dist/tex/generic/babel-english/english.ldf
Language: english 2017/06/06 v3.3r English support from the babel system
Package babel Info: Hyphen rules for 'british' set to \l@english
(babel)             (\language0). Reported on input line 82.
Package babel Info: Hyphen rules for 'UKenglish' set to \l@english
(babel)             (\language0). Reported on input line 83.
Package babel Info: Hyphen rules for 'canadian' set to \l@english
(babel)             (\language0). Reported on input line 102.
Package babel Info: Hyphen rules for 'australian' set to \l@english
(babel)             (\language0). Reported on input line 105.
Package babel Info: Hyphen rules for 'newzealand' set to \l@english
(babel)             (\language0). Reported on input line 108.
)) (/usr/share/texmf-dist/tex/generic/babel/locale/en/babel-english.tex
Package babel Info: Importing font and identification data for english
(babel)             from babel-en.ini. Reported on input line 11.
) (/usr/share/texmf-dist/tex/latex/tikz-cd/tikz-cd.sty
Package: tikz-cd 2021/05/04 v1.0 Commutative diagrams with TikZ
 (/usr/share/texmf-dist/tex/latex/pgf/frontendlayer/tikz.sty (/usr/share/texmf-dist/tex/latex/pgf/basiclayer/pgf.sty (/usr/share/texmf-dist/tex/latex/pgf/utilities/pgfrcs.sty (/usr/share/texmf-dist/tex/generic/pgf/utilities/pgfutil-common.tex
\pgfutil@everybye=\toks20
\pgfutil@tempdima=\dimen150
\pgfutil@tempdimb=\dimen151
) (/usr/share/texmf-dist/tex/generic/pgf/utilities/pgfutil-latex.def
\pgfutil@abb=\box51
) (/usr/share/texmf-dist/tex/generic/pgf/utilities/pgfrcs.code.tex (/usr/share/texmf-dist/tex/generic/pgf/pgf.revision.tex)
Package: pgfrcs 2023-01-15 v3.1.10 (3.1.10)
))
Package: pgf 2023-01-15 v3.1.10 (3.1.10)
 (/usr/share/texmf-dist/tex/latex/pgf/basiclayer/pgfcore.sty (/usr/share/texmf-dist/tex/latex/graphics/graphicx.sty
Package: graphicx 2021/09/16 v1.2d Enhanced LaTeX Graphics (DPC,SPQR)
 (/usr/share/texmf-dist/tex/latex/graphics/graphics.sty
Package: graphics 2022/03/10 v1.4e Standard LaTeX Graphics (DPC,SPQR)
 (/usr/share/texmf-dist/tex/latex/graphics/trig.sty
Package: trig 2021/08/11 v1.11 sin cos tan (DPC)
) (/usr/share/texmf-dist/tex/latex/graphics-cfg/graphics.cfg
File: graphics.cfg 2016/06/04 v1.11 sample graphics configuration
)
Package graphics Info: Driver file: pdftex.def on input line 107.
 (/usr/share/texmf-dist/tex/latex/graphics-def/pdftex.def
File: pdftex.def 2022/09/22 v1.2b Graphics/color driver for pdftex
))
\Gin@req@height=\dimen152
\Gin@req@width=\dimen153
) (/usr/share/texmf-dist/tex/latex/pgf/systemlayer/pgfsys.sty (/usr/share/texmf-dist/tex/generic/pgf/systemlayer/pgfsys.code.tex
Package: pgfsys 2023-01-15 v3.1.10 (3.1.10)
 (/usr/share/texmf-dist/tex/generic/pgf/utilities/pgfkeys.code.tex
\pgfkeys@pathtoks=\toks21
\pgfkeys@temptoks=\toks22
 (/usr/share/texmf-dist/tex/generic/pgf/utilities/pgfkeyslibraryfiltered.code.tex
\pgfkeys@tmptoks=\toks23
))
\pgf@x=\dimen154
\pgf@y=\dimen155
\pgf@xa=\dimen156
\pgf@ya=\dimen157
\pgf@xb=\dimen158
\pgf@yb=\dimen159
\pgf@xc=\dimen160
\pgf@yc=\dimen161
\pgf@xd=\dimen162
\pgf@yd=\dimen163
\w@pgf@writea=\write3
\r@pgf@reada=\read3
\c@pgf@counta=\count198
\c@pgf@countb=\count199
\c@pgf@countc=\count266
\c@pgf@countd=\count267
\t@pgf@toka=\toks24
\t@pgf@tokb=\toks25
\t@pgf@tokc=\toks26
\pgf@sys@id@count=\count268
 (/usr/share/texmf-dist/tex/generic/pgf/systemlayer/pgf.cfg
File: pgf.cfg 2023-01-15 v3.1.10 (3.1.10)
)
Driver file for pgf: pgfsys-pdftex.def
 (/usr/share/texmf-dist/tex/generic/pgf/systemlayer/pgfsys-pdftex.def
File: pgfsys-pdftex.def 2023-01-15 v3.1.10 (3.1.10)
 (/usr/share/texmf-dist/tex/generic/pgf/systemlayer/pgfsys-common-pdf.def
File: pgfsys-common-pdf.def 2023-01-15 v3.1.10 (3.1.10)
))) (/usr/share/texmf-dist/tex/generic/pgf/systemlayer/pgfsyssoftpath.code.tex
File: pgfsyssoftpath.code.tex 2023-01-15 v3.1.10 (3.1.10)
\pgfsyssoftpath@smallbuffer@items=\count269
\pgfsyssoftpath@bigbuffer@items=\count270
)
(/usr/share/texmf-dist/tex/generic/pgf/systemlayer/pgfsysprotocol.code.tex
File: pgfsysprotocol.code.tex 2023-01-15 v3.1.10 (3.1.10)
)) (/usr/share/texmf-dist/tex/latex/xcolor/xcolor.sty
Package: xcolor 2022/06/12 v2.14 LaTeX color extensions (UK)
 (/usr/share/texmf-dist/tex/latex/graphics-cfg/color.cfg
File: color.cfg 2016/01/02 v1.6 sample color configuration
)
Package xcolor Info: Driver file: pdftex.def on input line 227.
 (/usr/share/texmf-dist/tex/latex/graphics/mathcolor.ltx)
Package xcolor Info: Model `cmy' substituted by `cmy0' on input line 1353.
Package xcolor Info: Model `hsb' substituted by `rgb' on input line 1357.
Package xcolor Info: Model `RGB' extended on input line 1369.
Package xcolor Info: Model `HTML' substituted by `rgb' on input line 1371.
Package xcolor Info: Model `Hsb' substituted by `hsb' on input line 1372.
Package xcolor Info: Model `tHsb' substituted by `hsb' on input line 1373.
Package xcolor Info: Model `HSB' substituted by `hsb' on input line 1374.
Package xcolor Info: Model `Gray' substituted by `gray' on input line 1375.
Package xcolor Info: Model `wave' substituted by `hsb' on input line 1376.
) (/usr/share/texmf-dist/tex/generic/pgf/basiclayer/pgfcore.code.tex
Package: pgfcore 2023-01-15 v3.1.10 (3.1.10)
 (/usr/share/texmf-dist/tex/generic/pgf/math/pgfmath.code.tex (/usr/share/texmf-dist/tex/generic/pgf/math/pgfmathutil.code.tex) (/usr/share/texmf-dist/tex/generic/pgf/math/pgfmathparser.code.tex
\pgfmath@dimen=\dimen164
\pgfmath@count=\count271
\pgfmath@box=\box52
\pgfmath@toks=\toks27
\pgfmath@stack@operand=\toks28
\pgfmath@stack@operation=\toks29
) (/usr/share/texmf-dist/tex/generic/pgf/math/pgfmathfunctions.code.tex) (/usr/share/texmf-dist/tex/generic/pgf/math/pgfmathfunctions.basic.code.tex) (/usr/share/texmf-dist/tex/generic/pgf/math/pgfmathfunctions.trigonometric.code.tex) (/usr/share/texmf-dist/tex/generic/pgf/math/pgfmathfunctions.random.code.tex) (/usr/share/texmf-dist/tex/generic/pgf/math/pgfmathfunctions.comparison.code.tex) (/usr/share/texmf-dist/tex/generic/pgf/math/pgfmathfunctions.base.code.tex) (/usr/share/texmf-dist/tex/generic/pgf/math/pgfmathfunctions.round.code.tex) (/usr/share/texmf-dist/tex/generic/pgf/math/pgfmathfunctions.misc.code.tex) (/usr/share/texmf-dist/tex/generic/pgf/math/pgfmathfunctions.integerarithmetics.code.tex) (/usr/share/texmf-dist/tex/generic/pgf/math/pgfmathcalc.code.tex) (/usr/share/texmf-dist/tex/generic/pgf/math/pgfmathfloat.code.tex
\c@pgfmathroundto@lastzeros=\count272
)) (/usr/share/texmf-dist/tex/generic/pgf/math/pgfint.code.tex) (/usr/share/texmf-dist/tex/generic/pgf/basiclayer/pgfcorepoints.code.tex
File: pgfcorepoints.code.tex 2023-01-15 v3.1.10 (3.1.10)
\pgf@picminx=\dimen165
\pgf@picmaxx=\dimen166
\pgf@picminy=\dimen167
\pgf@picmaxy=\dimen168
\pgf@pathminx=\dimen169
\pgf@pathmaxx=\dimen170
\pgf@pathminy=\dimen171
\pgf@pathmaxy=\dimen172
\pgf@xx=\dimen173
\pgf@xy=\dimen174
\pgf@yx=\dimen175
\pgf@yy=\dimen176
\pgf@zx=\dimen177
\pgf@zy=\dimen178
) (/usr/share/texmf-dist/tex/generic/pgf/basiclayer/pgfcorepathconstruct.code.tex
File: pgfcorepathconstruct.code.tex 2023-01-15 v3.1.10 (3.1.10)
\pgf@path@lastx=\dimen179
\pgf@path@lasty=\dimen180
) (/usr/share/texmf-dist/tex/generic/pgf/basiclayer/pgfcorepathusage.code.tex
File: pgfcorepathusage.code.tex 2023-01-15 v3.1.10 (3.1.10)
\pgf@shorten@end@additional=\dimen181
\pgf@shorten@start@additional=\dimen182
) (/usr/share/texmf-dist/tex/generic/pgf/basiclayer/pgfcorescopes.code.tex
File: pgfcorescopes.code.tex 2023-01-15 v3.1.10 (3.1.10)
\pgfpic=\box53
\pgf@hbox=\box54
\pgf@layerbox@main=\box55
\pgf@picture@serial@count=\count273
) (/usr/share/texmf-dist/tex/generic/pgf/basiclayer/pgfcoregraphicstate.code.tex
File: pgfcoregraphicstate.code.tex 2023-01-15 v3.1.10 (3.1.10)
\pgflinewidth=\dimen183
) (/usr/share/texmf-dist/tex/generic/pgf/basiclayer/pgfcoretransformations.code.tex
File: pgfcoretransformations.code.tex 2023-01-15 v3.1.10 (3.1.10)
\pgf@pt@x=\dimen184
\pgf@pt@y=\dimen185
\pgf@pt@temp=\dimen186
) (/usr/share/texmf-dist/tex/generic/pgf/basiclayer/pgfcorequick.code.tex
File: pgfcorequick.code.tex 2023-01-15 v3.1.10 (3.1.10)
)
(/usr/share/texmf-dist/tex/generic/pgf/basiclayer/pgfcoreobjects.code.tex
File: pgfcoreobjects.code.tex 2023-01-15 v3.1.10 (3.1.10)
) (/usr/share/texmf-dist/tex/generic/pgf/basiclayer/pgfcorepathprocessing.code.tex
File: pgfcorepathprocessing.code.tex 2023-01-15 v3.1.10 (3.1.10)
) (/usr/share/texmf-dist/tex/generic/pgf/basiclayer/pgfcorearrows.code.tex
File: pgfcorearrows.code.tex 2023-01-15 v3.1.10 (3.1.10)
\pgfarrowsep=\dimen187
) (/usr/share/texmf-dist/tex/generic/pgf/basiclayer/pgfcoreshade.code.tex
File: pgfcoreshade.code.tex 2023-01-15 v3.1.10 (3.1.10)
\pgf@max=\dimen188
\pgf@sys@shading@range@num=\count274
\pgf@shadingcount=\count275
) (/usr/share/texmf-dist/tex/generic/pgf/basiclayer/pgfcoreimage.code.tex
File: pgfcoreimage.code.tex 2023-01-15 v3.1.10 (3.1.10)
) (/usr/share/texmf-dist/tex/generic/pgf/basiclayer/pgfcoreexternal.code.tex
File: pgfcoreexternal.code.tex 2023-01-15 v3.1.10 (3.1.10)
\pgfexternal@startupbox=\box56
) (/usr/share/texmf-dist/tex/generic/pgf/basiclayer/pgfcorelayers.code.tex
File: pgfcorelayers.code.tex 2023-01-15 v3.1.10 (3.1.10)
) (/usr/share/texmf-dist/tex/generic/pgf/basiclayer/pgfcoretransparency.code.tex
File: pgfcoretransparency.code.tex 2023-01-15 v3.1.10 (3.1.10)
) (/usr/share/texmf-dist/tex/generic/pgf/basiclayer/pgfcorepatterns.code.tex
File: pgfcorepatterns.code.tex 2023-01-15 v3.1.10 (3.1.10)
) (/usr/share/texmf-dist/tex/generic/pgf/basiclayer/pgfcorerdf.code.tex
File: pgfcorerdf.code.tex 2023-01-15 v3.1.10 (3.1.10)
))) (/usr/share/texmf-dist/tex/generic/pgf/modules/pgfmoduleshapes.code.tex
File: pgfmoduleshapes.code.tex 2023-01-15 v3.1.10 (3.1.10)
\pgfnodeparttextbox=\box57
) (/usr/share/texmf-dist/tex/generic/pgf/modules/pgfmoduleplot.code.tex
File: pgfmoduleplot.code.tex 2023-01-15 v3.1.10 (3.1.10)
) (/usr/share/texmf-dist/tex/latex/pgf/compatibility/pgfcomp-version-0-65.sty
Package: pgfcomp-version-0-65 2023-01-15 v3.1.10 (3.1.10)
\pgf@nodesepstart=\dimen189
\pgf@nodesepend=\dimen190
) (/usr/share/texmf-dist/tex/latex/pgf/compatibility/pgfcomp-version-1-18.sty
Package: pgfcomp-version-1-18 2023-01-15 v3.1.10 (3.1.10)
)) (/usr/share/texmf-dist/tex/latex/pgf/utilities/pgffor.sty (/usr/share/texmf-dist/tex/latex/pgf/utilities/pgfkeys.sty (/usr/share/texmf-dist/tex/generic/pgf/utilities/pgfkeys.code.tex)) (/usr/share/texmf-dist/tex/latex/pgf/math/pgfmath.sty (/usr/share/texmf-dist/tex/generic/pgf/math/pgfmath.code.tex)) (/usr/share/texmf-dist/tex/generic/pgf/utilities/pgffor.code.tex
Package: pgffor 2023-01-15 v3.1.10 (3.1.10)
\pgffor@iter=\dimen191
\pgffor@skip=\dimen192
\pgffor@stack=\toks30
\pgffor@toks=\toks31
)) (/usr/share/texmf-dist/tex/generic/pgf/frontendlayer/tikz/tikz.code.tex
Package: tikz 2023-01-15 v3.1.10 (3.1.10)
 (/usr/share/texmf-dist/tex/generic/pgf/libraries/pgflibraryplothandlers.code.tex
File: pgflibraryplothandlers.code.tex 2023-01-15 v3.1.10 (3.1.10)
\pgf@plot@mark@count=\count276
\pgfplotmarksize=\dimen193
)
\tikz@lastx=\dimen194
\tikz@lasty=\dimen195
\tikz@lastxsaved=\dimen196
\tikz@lastysaved=\dimen197
\tikz@lastmovetox=\dimen198
\tikz@lastmovetoy=\dimen199
\tikzleveldistance=\dimen256
\tikzsiblingdistance=\dimen257
\tikz@figbox=\box58
\tikz@figbox@bg=\box59
\tikz@tempbox=\box60
\tikz@tempbox@bg=\box61
\tikztreelevel=\count277
\tikznumberofchildren=\count278
\tikznumberofcurrentchild=\count279
\tikz@fig@count=\count280
 (/usr/share/texmf-dist/tex/generic/pgf/modules/pgfmodulematrix.code.tex
File: pgfmodulematrix.code.tex 2023-01-15 v3.1.10 (3.1.10)
\pgfmatrixcurrentrow=\count281
\pgfmatrixcurrentcolumn=\count282
\pgf@matrix@numberofcolumns=\count283
)
\tikz@expandcount=\count284
 (/usr/share/texmf-dist/tex/generic/pgf/frontendlayer/tikz/libraries/tikzlibrarytopaths.code.tex
File: tikzlibrarytopaths.code.tex 2023-01-15 v3.1.10 (3.1.10)
))) (/usr/share/texmf-dist/tex/generic/tikz-cd/tikzlibrarycd.code.tex (/usr/share/texmf-dist/tex/generic/pgf/frontendlayer/tikz/libraries/tikzlibrarymatrix.code.tex
File: tikzlibrarymatrix.code.tex 2023-01-15 v3.1.10 (3.1.10)
)
(/usr/share/texmf-dist/tex/generic/pgf/frontendlayer/tikz/libraries/tikzlibraryquotes.code.tex
File: tikzlibraryquotes.code.tex 2023-01-15 v3.1.10 (3.1.10)
) (/usr/share/texmf-dist/tex/generic/pgf/libraries/pgflibraryarrows.meta.code.tex
File: pgflibraryarrows.meta.code.tex 2023-01-15 v3.1.10 (3.1.10)
\pgfarrowinset=\dimen258
\pgfarrowlength=\dimen259
\pgfarrowwidth=\dimen260
\pgfarrowlinewidth=\dimen261
))) (/usr/share/texmf-dist/tex/latex/lipsum/lipsum.sty (/usr/share/texmf-dist/tex/latex/l3packages/l3keys2e/l3keys2e.sty (/usr/share/texmf-dist/tex/latex/l3kernel/expl3.sty
Package: expl3 2023-02-22 L3 programming layer (loader) 
 (/usr/share/texmf-dist/tex/latex/l3backend/l3backend-pdftex.def
File: l3backend-pdftex.def 2023-01-16 L3 backend support: PDF output (pdfTeX)
\l__color_backend_stack_int=\count285
\l__pdf_internal_box=\box62
))
Package: l3keys2e 2023-02-02 LaTeX2e option processing using LaTeX3 keys
)
Package: lipsum 2021-09-20 v2.7 150 paragraphs of Lorem Ipsum dummy text
\g__lipsum_par_int=\count286
\l__lipsum_a_int=\count287
\l__lipsum_b_int=\count288
 (/usr/share/texmf-dist/tex/latex/lipsum/lipsum.ltd.tex)) (/usr/share/texmf-dist/tex/latex/tools/bm.sty
Package: bm 2022/01/05 v1.2f Bold Symbol Support (DPC/FMi)
\symboldoperators=\mathgroup4
\symboldletters=\mathgroup5
\symboldsymbols=\mathgroup6
Package bm Info: No bold for \OMX/cmex/m/n, using \pmb.
LaTeX Font Info:    Redeclaring math alphabet \mathbf on input line 149.
) (/usr/share/texmf-dist/tex/latex/tools/dcolumn.sty
Package: dcolumn 2014/10/28 v1.06 decimal alignment package (DPC)
 (/usr/share/texmf-dist/tex/latex/tools/array.sty
Package: array 2022/09/04 v2.5g Tabular extension package (FMi)
\col@sep=\dimen262
\ar@mcellbox=\box63
\extrarowheight=\dimen263
\NC@list=\toks32
\extratabsurround=\skip50
\backup@length=\skip51
\ar@cellbox=\box64
)) (/usr/share/texmf-dist/tex/latex/lastpage/lastpage.sty
Package: lastpage 2023/03/07 v2.0a lastpage: 2.09 or 2e? (HMM)
 (/usr/share/texmf-dist/tex/latex/lastpage/lastpage2e.sty
Package: lastpage2e 2023/03/07 v2.0a Decide which 2e lastpage version to use (HMM)
 (/usr/share/texmf-dist/tex/latex/lastpage/lastpagemodern.sty
Package: lastpagemodern 2023-03-07 v2.0a Refers to last page's name (HMM; JPG)
) 
)) (/usr/share/texmf-dist/tex/latex/pgfplots/pgfplots.sty (/usr/share/texmf-dist/tex/generic/pgfplots/pgfplots.revision.tex)
Package: pgfplots 2021/05/15 v1.18.1 Data Visualization (1.18.1)
 (/usr/share/texmf-dist/tex/generic/pgfplots/pgfplots.code.tex (/usr/share/texmf-dist/tex/generic/pgfplots/pgfplotscore.code.tex
\t@pgfplots@toka=\toks33
\t@pgfplots@tokb=\toks34
\t@pgfplots@tokc=\toks35
\pgfplots@tmpa=\dimen264
\c@pgfplots@coordindex=\count289
\c@pgfplots@scanlineindex=\count290
 (/usr/share/texmf-dist/tex/generic/pgfplots/sys/pgfplotssysgeneric.code.tex)) (/usr/share/texmf-dist/tex/generic/pgfplots/libs/pgfplotslibrary.code.tex) (/usr/share/texmf-dist/tex/generic/pgfplots/oldpgfcompatib/pgfplotsoldpgfsupp_loader.code.tex (/usr/share/texmf-dist/tex/generic/pgf/libraries/pgflibraryfpu.code.tex)
Package pgfplots: loading complementary utilities for your pgf version...
\t@pgf@toka=\toks36
\t@pgf@tokb=\toks37
\t@pgf@tokc=\toks38
(/usr/share/texmf-dist/tex/generic/pgfplots/oldpgfcompatib/pgfplotsoldpgfsupp_pgfutil-common-lists.tex)) (/usr/share/texmf-dist/tex/generic/pgfplots/util/pgfplotsutil.code.tex (/usr/share/texmf-dist/tex/generic/pgfplots/liststructure/pgfplotsliststructure.code.tex) (/usr/share/texmf-dist/tex/generic/pgfplots/liststructure/pgfplotsliststructureext.code.tex) (/usr/share/texmf-dist/tex/generic/pgfplots/liststructure/pgfplotsarray.code.tex
\c@pgfplotsarray@tmp=\count291
) (/usr/share/texmf-dist/tex/generic/pgfplots/liststructure/pgfplotsmatrix.code.tex) (/usr/share/texmf-dist/tex/generic/pgfplots/numtable/pgfplotstableshared.code.tex
\c@pgfplotstable@counta=\count292
\t@pgfplotstable@a=\toks39
) (/usr/share/texmf-dist/tex/generic/pgfplots/liststructure/pgfplotsdeque.code.tex) (/usr/share/texmf-dist/tex/generic/pgfplots/util/pgfplotsbinary.code.tex (/usr/share/texmf-dist/tex/generic/pgfplots/util/pgfplotsbinary.data.code.tex)) (/usr/share/texmf-dist/tex/generic/pgfplots/util/pgfplotsutil.verb.code.tex) (/usr/share/texmf-dist/tex/generic/pgfplots/libs/pgflibrarypgfplots.surfshading.code.tex
\c@pgfplotslibrarysurf@no=\count293
 (/usr/share/texmf-dist/tex/generic/pgfplots/sys/pgflibrarypgfplots.surfshading.pgfsys-pdftex.def))) (/usr/share/texmf-dist/tex/generic/pgfplots/util/pgfplotscolormap.code.tex (/usr/share/texmf-dist/tex/generic/pgfplots/util/pgfplotscolor.code.tex)) (/usr/share/texmf-dist/tex/generic/pgfplots/pgfplotsstackedplots.code.tex) (/usr/share/texmf-dist/tex/generic/pgfplots/pgfplotsplothandlers.code.tex (/usr/share/texmf-dist/tex/generic/pgfplots/pgfplotsmeshplothandler.code.tex (/usr/share/texmf-dist/tex/generic/pgfplots/pgfplotsmeshplotimage.code.tex))) (/usr/share/texmf-dist/tex/generic/pgfplots/pgfplots.scaling.code.tex) (/usr/share/texmf-dist/tex/generic/pgfplots/pgfplotscoordprocessing.code.tex) (/usr/share/texmf-dist/tex/generic/pgfplots/pgfplots.errorbars.code.tex) (/usr/share/texmf-dist/tex/generic/pgfplots/pgfplots.markers.code.tex) (/usr/share/texmf-dist/tex/generic/pgfplots/pgfplotsticks.code.tex) (/usr/share/texmf-dist/tex/generic/pgfplots/pgfplots.paths.code.tex)
(/usr/share/texmf-dist/tex/generic/pgf/frontendlayer/tikz/libraries/tikzlibrarydecorations.code.tex (/usr/share/texmf-dist/tex/generic/pgf/modules/pgfmoduledecorations.code.tex
\pgfdecoratedcompleteddistance=\dimen265
\pgfdecoratedremainingdistance=\dimen266
\pgfdecoratedinputsegmentcompleteddistance=\dimen267
\pgfdecoratedinputsegmentremainingdistance=\dimen268
\pgf@decorate@distancetomove=\dimen269
\pgf@decorate@repeatstate=\count294
\pgfdecorationsegmentamplitude=\dimen270
\pgfdecorationsegmentlength=\dimen271
)
\tikz@lib@dec@box=\box65
) (/usr/share/texmf-dist/tex/generic/pgf/frontendlayer/tikz/libraries/tikzlibrarydecorations.pathmorphing.code.tex (/usr/share/texmf-dist/tex/generic/pgf/libraries/decorations/pgflibrarydecorations.pathmorphing.code.tex)) (/usr/share/texmf-dist/tex/generic/pgf/frontendlayer/tikz/libraries/tikzlibrarydecorations.pathreplacing.code.tex (/usr/share/texmf-dist/tex/generic/pgf/libraries/decorations/pgflibrarydecorations.pathreplacing.code.tex)) (/usr/share/texmf-dist/tex/generic/pgfplots/libs/tikzlibrarypgfplots.contourlua.code.tex)
\pgfplots@numplots=\count295
\pgfplots@xmin@reg=\dimen272
\pgfplots@xmax@reg=\dimen273
\pgfplots@ymin@reg=\dimen274
\pgfplots@ymax@reg=\dimen275
\pgfplots@zmin@reg=\dimen276
\pgfplots@zmax@reg=\dimen277
) (/usr/share/texmf-dist/tex/generic/pgf/frontendlayer/tikz/libraries/tikzlibraryplotmarks.code.tex
File: tikzlibraryplotmarks.code.tex 2023-01-15 v3.1.10 (3.1.10)
 (/usr/share/texmf-dist/tex/generic/pgf/libraries/pgflibraryplotmarks.code.tex
File: pgflibraryplotmarks.code.tex 2023-01-15 v3.1.10 (3.1.10)
))) (/usr/share/texmf-dist/tex/generic/pgf/frontendlayer/tikz/libraries/tikzlibraryarrows.code.tex
File: tikzlibraryarrows.code.tex 2023-01-15 v3.1.10 (3.1.10)
 (/usr/share/texmf-dist/tex/generic/pgf/libraries/pgflibraryarrows.code.tex
File: pgflibraryarrows.code.tex 2023-01-15 v3.1.10 (3.1.10)
\arrowsize=\dimen278
)) (/usr/share/texmf-dist/tex/latex/amsmath/amsmath.sty
Package: amsmath 2022/04/08 v2.17n AMS math features
\@mathmargin=\skip52

For additional information on amsmath, use the `?' option.
(/usr/share/texmf-dist/tex/latex/amsmath/amstext.sty
Package: amstext 2021/08/26 v2.01 AMS text
 (/usr/share/texmf-dist/tex/latex/amsmath/amsgen.sty
File: amsgen.sty 1999/11/30 v2.0 generic functions
\@emptytoks=\toks40
\ex@=\dimen279
)) (/usr/share/texmf-dist/tex/latex/amsmath/amsbsy.sty
Package: amsbsy 1999/11/29 v1.2d Bold Symbols
LaTeX Info: Redefining \boldsymbol on input line 28.
\pmbraise@=\dimen280
) (/usr/share/texmf-dist/tex/latex/amsmath/amsopn.sty
Package: amsopn 2022/04/08 v2.04 operator names
)
\inf@bad=\count296
LaTeX Info: Redefining \frac on input line 234.
\uproot@=\count297
\leftroot@=\count298
LaTeX Info: Redefining \overline on input line 399.
LaTeX Info: Redefining \colon on input line 410.
\classnum@=\count299
\DOTSCASE@=\count300
LaTeX Info: Redefining \ldots on input line 496.
LaTeX Info: Redefining \dots on input line 499.
LaTeX Info: Redefining \cdots on input line 620.
\Mathstrutbox@=\box66
\strutbox@=\box67
LaTeX Info: Redefining \big on input line 722.
LaTeX Info: Redefining \Big on input line 723.
LaTeX Info: Redefining \bigg on input line 724.
LaTeX Info: Redefining \Bigg on input line 725.
\big@size=\dimen281
LaTeX Font Info:    Redeclaring font encoding OML on input line 743.
LaTeX Font Info:    Redeclaring font encoding OMS on input line 744.
\macc@depth=\count301
LaTeX Info: Redefining \bmod on input line 905.
LaTeX Info: Redefining \pmod on input line 910.
LaTeX Info: Redefining \smash on input line 940.
LaTeX Info: Redefining \relbar on input line 970.
LaTeX Info: Redefining \Relbar on input line 971.
\c@MaxMatrixCols=\count302
\dotsspace@=\muskip16
\c@parentequation=\count303
\dspbrk@lvl=\count304
\tag@help=\toks41
\row@=\count305
\column@=\count306
\maxfields@=\count307
\andhelp@=\toks42
\eqnshift@=\dimen282
\alignsep@=\dimen283
\tagshift@=\dimen284
\tagwidth@=\dimen285
\totwidth@=\dimen286
\lineht@=\dimen287
\@envbody=\toks43
\multlinegap=\skip53
\multlinetaggap=\skip54
\mathdisplay@stack=\toks44
LaTeX Info: Redefining \[ on input line 2953.
LaTeX Info: Redefining \] on input line 2954.
) (/usr/share/texmf-dist/tex/latex/amsfonts/amssymb.sty
Package: amssymb 2013/01/14 v3.01 AMS font symbols
 (/usr/share/texmf-dist/tex/latex/amsfonts/amsfonts.sty
Package: amsfonts 2013/01/14 v3.01 Basic AMSFonts support
\symAMSa=\mathgroup7
\symAMSb=\mathgroup8
LaTeX Font Info:    Redeclaring math symbol \hbar on input line 98.
LaTeX Font Info:    Overwriting math alphabet `\mathfrak' in version `bold'
(Font)                  U/euf/m/n --> U/euf/b/n on input line 106.
)) (/usr/share/texmf-dist/tex/latex/amscls/amsthm.sty
Package: amsthm 2020/05/29 v2.20.6
\thm@style=\toks45
\thm@bodyfont=\toks46
\thm@headfont=\toks47
\thm@notefont=\toks48
\thm@headpunct=\toks49
\thm@preskip=\skip55
\thm@postskip=\skip56
\thm@headsep=\skip57
\dth@everypar=\toks50
) (/usr/share/texmf-dist/tex/latex/jknapltx/mathrsfs.sty
Package: mathrsfs 1996/01/01 Math RSFS package v1.0 (jk)
\symrsfs=\mathgroup9
) (/usr/share/texmf-dist/tex/latex/mathtools/mathtools.sty
Package: mathtools 2022/06/29 v1.29 mathematical typesetting tools
 (/usr/share/texmf-dist/tex/latex/tools/calc.sty
Package: calc 2017/05/25 v4.3 Infix arithmetic (KKT,FJ)
\calc@Acount=\count308
\calc@Bcount=\count309
\calc@Adimen=\dimen288
\calc@Bdimen=\dimen289
\calc@Askip=\skip58
\calc@Bskip=\skip59
LaTeX Info: Redefining \setlength on input line 80.
LaTeX Info: Redefining \addtolength on input line 81.
\calc@Ccount=\count310
\calc@Cskip=\skip60
) (/usr/share/texmf-dist/tex/latex/mathtools/mhsetup.sty
Package: mhsetup 2021/03/18 v1.4 programming setup (MH)
)
\g_MT_multlinerow_int=\count311
\l_MT_multwidth_dim=\dimen290
\origjot=\skip61
\l_MT_shortvdotswithinadjustabove_dim=\dimen291
\l_MT_shortvdotswithinadjustbelow_dim=\dimen292
\l_MT_above_intertext_sep=\dimen293
\l_MT_below_intertext_sep=\dimen294
\l_MT_above_shortintertext_sep=\dimen295
\l_MT_below_shortintertext_sep=\dimen296
\xmathstrut@box=\box68
\xmathstrut@dim=\dimen297
) (/usr/share/texmf-dist/tex/latex/oberdiek/centernot.sty
Package: centernot 2016/05/16 v1.4 Centers the not symbol horizontally (HO)
) (/usr/share/texmf-dist/tex/latex/hyperref/hyperref.sty
Package: hyperref 2023-02-07 v7.00v Hypertext links for LaTeX
 (/usr/share/texmf-dist/tex/generic/ltxcmds/ltxcmds.sty
Package: ltxcmds 2020-05-10 v1.25 LaTeX kernel commands for general use (HO)
) (/usr/share/texmf-dist/tex/generic/pdftexcmds/pdftexcmds.sty
Package: pdftexcmds 2020-06-27 v0.33 Utility functions of pdfTeX for LuaTeX (HO)
 (/usr/share/texmf-dist/tex/generic/infwarerr/infwarerr.sty
Package: infwarerr 2019/12/03 v1.5 Providing info/warning/error messages (HO)
)
Package pdftexcmds Info: \pdf@primitive is available.
Package pdftexcmds Info: \pdf@ifprimitive is available.
Package pdftexcmds Info: \pdfdraftmode found.
) (/usr/share/texmf-dist/tex/latex/kvsetkeys/kvsetkeys.sty
Package: kvsetkeys 2022-10-05 v1.19 Key value parser (HO)
) (/usr/share/texmf-dist/tex/generic/kvdefinekeys/kvdefinekeys.sty
Package: kvdefinekeys 2019-12-19 v1.6 Define keys (HO)
) (/usr/share/texmf-dist/tex/generic/pdfescape/pdfescape.sty
Package: pdfescape 2019/12/09 v1.15 Implements pdfTeX's escape features (HO)
) (/usr/share/texmf-dist/tex/latex/hycolor/hycolor.sty
Package: hycolor 2020-01-27 v1.10 Color options for hyperref/bookmark (HO)
) (/usr/share/texmf-dist/tex/latex/letltxmacro/letltxmacro.sty
Package: letltxmacro 2019/12/03 v1.6 Let assignment for LaTeX macros (HO)
) (/usr/share/texmf-dist/tex/latex/auxhook/auxhook.sty
Package: auxhook 2019-12-17 v1.6 Hooks for auxiliary files (HO)
) (/usr/share/texmf-dist/tex/latex/hyperref/nameref.sty
Package: nameref 2022-05-17 v2.50 Cross-referencing by name of section
 (/usr/share/texmf-dist/tex/latex/refcount/refcount.sty
Package: refcount 2019/12/15 v3.6 Data extraction from label references (HO)
) (/usr/share/texmf-dist/tex/generic/gettitlestring/gettitlestring.sty
Package: gettitlestring 2019/12/15 v1.6 Cleanup title references (HO)
 (/usr/share/texmf-dist/tex/latex/kvoptions/kvoptions.sty
Package: kvoptions 2022-06-15 v3.15 Key value format for package options (HO)
))
\c@section@level=\count312
)
\@linkdim=\dimen298
\Hy@linkcounter=\count313
\Hy@pagecounter=\count314
 (/usr/share/texmf-dist/tex/latex/hyperref/pd1enc.def
File: pd1enc.def 2023-02-07 v7.00v Hyperref: PDFDocEncoding definition (HO)
Now handling font encoding PD1 ...
... no UTF-8 mapping file for font encoding PD1
) (/usr/share/texmf-dist/tex/generic/intcalc/intcalc.sty
Package: intcalc 2019/12/15 v1.3 Expandable calculations with integers (HO)
) (/usr/share/texmf-dist/tex/generic/etexcmds/etexcmds.sty
Package: etexcmds 2019/12/15 v1.7 Avoid name clashes with e-TeX commands (HO)
)
\Hy@SavedSpaceFactor=\count315
 (/usr/share/texmf-dist/tex/latex/hyperref/puenc.def
File: puenc.def 2023-02-07 v7.00v Hyperref: PDF Unicode definition (HO)
Now handling font encoding PU ...
... no UTF-8 mapping file for font encoding PU
)
Package hyperref Info: Hyper figures OFF on input line 4177.
Package hyperref Info: Link nesting OFF on input line 4182.
Package hyperref Info: Hyper index ON on input line 4185.
Package hyperref Info: Plain pages OFF on input line 4192.
Package hyperref Info: Backreferencing OFF on input line 4197.
Package hyperref Info: Implicit mode ON; LaTeX internals redefined.
Package hyperref Info: Bookmarks ON on input line 4425.
\c@Hy@tempcnt=\count316
 (/usr/share/texmf-dist/tex/latex/url/url.sty
\Urlmuskip=\muskip17
Package: url 2013/09/16  ver 3.4  Verb mode for urls, etc.
)
LaTeX Info: Redefining \url on input line 4763.
\XeTeXLinkMargin=\dimen299
 (/usr/share/texmf-dist/tex/generic/bitset/bitset.sty
Package: bitset 2019/12/09 v1.3 Handle bit-vector datatype (HO)
 (/usr/share/texmf-dist/tex/generic/bigintcalc/bigintcalc.sty
Package: bigintcalc 2019/12/15 v1.5 Expandable calculations on big integers (HO)
))
\Fld@menulength=\count317
\Field@Width=\dimen300
\Fld@charsize=\dimen301
Package hyperref Info: Hyper figures OFF on input line 6042.
Package hyperref Info: Link nesting OFF on input line 6047.
Package hyperref Info: Hyper index ON on input line 6050.
Package hyperref Info: backreferencing OFF on input line 6057.
Package hyperref Info: Link coloring OFF on input line 6062.
Package hyperref Info: Link coloring with OCG OFF on input line 6067.
Package hyperref Info: PDF/A mode OFF on input line 6072.
 (/usr/share/texmf-dist/tex/latex/base/atbegshi-ltx.sty
Package: atbegshi-ltx 2021/01/10 v1.0c Emulation of the original atbegshi
package with kernel methods
)
\Hy@abspage=\count318
\c@Item=\count319
\c@Hfootnote=\count320
)
Package hyperref Info: Driver (autodetected): hpdftex.
 (/usr/share/texmf-dist/tex/latex/hyperref/hpdftex.def
File: hpdftex.def 2023-02-07 v7.00v Hyperref driver for pdfTeX

(/usr/share/texmf-dist/tex/latex/base/atveryend-ltx.sty
Package: atveryend-ltx 2020/08/19 v1.0a Emulation of the original atveryend package
with kernel methods
)
\Fld@listcount=\count321
\c@bookmark@seq@number=\count322
 (/usr/share/texmf-dist/tex/latex/rerunfilecheck/rerunfilecheck.sty
Package: rerunfilecheck 2022-07-10 v1.10 Rerun checks for auxiliary files (HO)
 (/usr/share/texmf-dist/tex/generic/uniquecounter/uniquecounter.sty
Package: uniquecounter 2019/12/15 v1.4 Provide unlimited unique counter (HO)
)
Package uniquecounter Info: New unique counter `rerunfilecheck' on input line 285.
)
\Hy@SectionHShift=\skip62
) (/usr/share/texmf-dist/tex/latex/fancyhdr/fancyhdr.sty
Package: fancyhdr 2022/11/09 v4.1 Extensive control of page headers and footers
\f@nch@headwidth=\skip63
\f@nch@O@elh=\skip64
\f@nch@O@erh=\skip65
\f@nch@O@olh=\skip66
\f@nch@O@orh=\skip67
\f@nch@O@elf=\skip68
\f@nch@O@erf=\skip69
\f@nch@O@olf=\skip70
\f@nch@O@orf=\skip71
) (/usr/share/texmf-dist/tex/latex/caption/caption.sty
Package: caption 2023/03/12 v3.6j Customizing captions (AR)
 (/usr/share/texmf-dist/tex/latex/caption/caption3.sty
Package: caption3 2023/03/12 v2.4 caption3 kernel (AR)
\caption@tempdima=\dimen302
\captionmargin=\dimen303
\caption@leftmargin=\dimen304
\caption@rightmargin=\dimen305
\caption@width=\dimen306
\caption@indent=\dimen307
\caption@parindent=\dimen308
\caption@hangindent=\dimen309
Package caption Info: Standard document class detected.
)
\c@caption@flags=\count323
\c@continuedfloat=\count324
Package caption Info: hyperref package is loaded.
) (/usr/share/texmf-dist/tex/latex/caption/subcaption.sty
Package: subcaption 2023/02/19 v1.6 Sub-captions (AR)
Package caption Info: New subtype `subfigure' on input line 239.
\c@subfigure=\count325
Package caption Info: New subtype `subtable' on input line 239.
\c@subtable=\count326
) (/usr/share/texmf-dist/tex/latex/enumitem/enumitem.sty
Package: enumitem 2019/06/20 v3.9 Customized lists
\labelindent=\skip72
\enit@outerparindent=\dimen310
\enit@toks=\toks51
\enit@inbox=\box69
\enit@count@id=\count327
\enitdp@description=\count328
) (/usr/share/texmf-dist/tex/latex/fancyvrb/fancyvrb.sty
Package: fancyvrb 2023/01/19 4.5a verbatim text (tvz,hv)
\FV@CodeLineNo=\count329
\FV@InFile=\read4
\FV@TabBox=\box70
\c@FancyVerbLine=\count330
\FV@StepNumber=\count331
\FV@OutFile=\write4
) (/usr/share/texmf-dist/tex/latex/newverbs/newverbs.sty
Package: newverbs 2022/10/25 v1.6a Define new 'verb' commands and short verb. characters
 (/usr/share/texmf-dist/tex/latex/base/shortvrb.sty
Package: shortvrb 2022/07/03 v3.0k Standard LaTeX documentation package V3 (FMi)
)) (/usr/share/texmf-dist/tex/generic/pgf/frontendlayer/tikz/libraries/tikzlibrarypositioning.code.tex
File: tikzlibrarypositioning.code.tex 2023-01-15 v3.1.10 (3.1.10)
)
\c@theorem=\count332
\c@example=\count333
\c@exercise=\count334
\c@corollary=\count335
\c@definition=\count336
 (./Deep_Learning.aux)
\openout1 = `Deep_Learning.aux'.

LaTeX Font Info:    Checking defaults for OML/cmm/m/it on input line 59.
LaTeX Font Info:    ... okay on input line 59.
LaTeX Font Info:    Checking defaults for OMS/cmsy/m/n on input line 59.
LaTeX Font Info:    ... okay on input line 59.
LaTeX Font Info:    Checking defaults for OT1/cmr/m/n on input line 59.
LaTeX Font Info:    ... okay on input line 59.
LaTeX Font Info:    Checking defaults for T1/cmr/m/n on input line 59.
LaTeX Font Info:    ... okay on input line 59.
LaTeX Font Info:    Checking defaults for TS1/cmr/m/n on input line 59.
LaTeX Font Info:    ... okay on input line 59.
LaTeX Font Info:    Checking defaults for OMX/cmex/m/n on input line 59.
LaTeX Font Info:    ... okay on input line 59.
LaTeX Font Info:    Checking defaults for U/cmr/m/n on input line 59.
LaTeX Font Info:    ... okay on input line 59.
LaTeX Font Info:    Checking defaults for PD1/pdf/m/n on input line 59.
LaTeX Font Info:    ... okay on input line 59.
LaTeX Font Info:    Checking defaults for PU/pdf/m/n on input line 59.
LaTeX Font Info:    ... okay on input line 59.

*geometry* driver: auto-detecting
*geometry* detected driver: pdftex
*geometry* verbose mode - [ preamble ] result:
* driver: pdftex
* paper: letterpaper
* layout: <same size as paper>
* layoutoffset:(h,v)=(0.0pt,0.0pt)
* modes: 
* h-part:(L,W,R)=(72.26999pt, 469.75502pt, 72.26999pt)
* v-part:(T,H,B)=(72.26999pt, 650.43001pt, 72.26999pt)
* \paperwidth=614.295pt
* \paperheight=794.96999pt
* \textwidth=469.75502pt
* \textheight=650.43001pt
* \oddsidemargin=0.0pt
* \evensidemargin=0.0pt
* \topmargin=-37.0pt
* \headheight=12.0pt
* \headsep=25.0pt
* \topskip=10.0pt
* \footskip=30.0pt
* \marginparwidth=65.0pt
* \marginparsep=11.0pt
* \columnsep=10.0pt
* \skip\footins=9.0pt plus 4.0pt minus 2.0pt
* \hoffset=0.0pt
* \voffset=0.0pt
* \mag=1000
* \@twocolumnfalse
* \@twosidefalse
* \@mparswitchfalse
* \@reversemarginfalse
* (1in=72.27pt=25.4mm, 1cm=28.453pt)

(/usr/share/texmf-dist/tex/context/base/mkii/supp-pdf.mkii
[Loading MPS to PDF converter (version 2006.09.02).]
\scratchcounter=\count337
\scratchdimen=\dimen311
\scratchbox=\box71
\nofMPsegments=\count338
\nofMParguments=\count339
\everyMPshowfont=\toks52
\MPscratchCnt=\count340
\MPscratchDim=\dimen312
\MPnumerator=\count341
\makeMPintoPDFobject=\count342
\everyMPtoPDFconversion=\toks53
) (/usr/share/texmf-dist/tex/latex/epstopdf-pkg/epstopdf-base.sty
Package: epstopdf-base 2020-01-24 v2.11 Base part for package epstopdf
Package epstopdf-base Info: Redefining graphics rule for `.eps' on input line 485.
 (/usr/share/texmf-dist/tex/latex/latexconfig/epstopdf-sys.cfg
File: epstopdf-sys.cfg 2010/07/13 v1.3 Configuration of (r)epstopdf for TeX Live
))
Package pgfplots notification 'compat/show suggested version=true': document has been generated with the most recent feature set (\pgfplotsset{compat=1.18}).

Package hyperref Info: Link coloring OFF on input line 59.
(./Deep_Learning.out) (./Deep_Learning.out)
\@outlinefile=\write5
\openout5 = `Deep_Learning.out'.

Package caption Info: Begin \AtBeginDocument code.
Package caption Info: End \AtBeginDocument code.
LaTeX Font Info:    Trying to load font information for U+msa on input line 72.
 (/usr/share/texmf-dist/tex/latex/amsfonts/umsa.fd
File: umsa.fd 2013/01/14 v3.01 AMS symbols A
)
LaTeX Font Info:    Trying to load font information for U+msb on input line 72.
 (/usr/share/texmf-dist/tex/latex/amsfonts/umsb.fd
File: umsb.fd 2013/01/14 v3.01 AMS symbols B
)
LaTeX Font Info:    Trying to load font information for U+rsfs on input line 72.
 (/usr/share/texmf-dist/tex/latex/jknapltx/ursfs.fd
File: ursfs.fd 1998/03/24 rsfs font definition file (jk)
) (./Deep_Learning.toc [1{/var/lib/texmf/fonts/map/pdftex/updmap/pdftex.map}

])
\tf@toc=\write6
\openout6 = `Deep_Learning.toc'.

 [2] [3]
<Images/logistic/untrans_data.png, id=458, 361.35pt x 361.35pt>
File: Images/logistic/untrans_data.png Graphic file (type png)
<use Images/logistic/untrans_data.png>
Package pdftex.def Info: Images/logistic/untrans_data.png  used on input line 93.
(pdftex.def)             Requested size: 164.41711pt x 164.4145pt.
<Images/logistic/untrans_fit.png, id=460, 361.35pt x 361.35pt>
File: Images/logistic/untrans_fit.png Graphic file (type png)
<use Images/logistic/untrans_fit.png>
Package pdftex.def Info: Images/logistic/untrans_fit.png  used on input line 99.
(pdftex.def)             Requested size: 164.41711pt x 164.4145pt.
<Images/logistic/trans_data.png, id=461, 361.35pt x 361.35pt>
File: Images/logistic/trans_data.png Graphic file (type png)
<use Images/logistic/trans_data.png>
Package pdftex.def Info: Images/logistic/trans_data.png  used on input line 107.
(pdftex.def)             Requested size: 164.41711pt x 164.4145pt.
<Images/logistic/trans_fit.png, id=462, 361.35pt x 361.35pt>
File: Images/logistic/trans_fit.png Graphic file (type png)
<use Images/logistic/trans_fit.png>
Package pdftex.def Info: Images/logistic/trans_fit.png  used on input line 113.
(pdftex.def)             Requested size: 164.41711pt x 164.4145pt.
 [4] [5 <./Images/logistic/untrans_data.png> <./Images/logistic/untrans_fit.png> <./Images/logistic/trans_data.png> <./Images/logistic/trans_fit.png>]
<Images/MLP/Neuron.jpg, id=496, 1347.0325pt x 595.22375pt>
File: Images/MLP/Neuron.jpg Graphic file (type jpg)
<use Images/MLP/Neuron.jpg>
Package pdftex.def Info: Images/MLP/Neuron.jpg  used on input line 173.
(pdftex.def)             Requested size: 336.75731pt x 148.80557pt.
 [6 <./Images/MLP/Neuron.jpg>]
<Images/MLP/Multilayer_Neural_Net.jpg, id=513, 1541.76pt x 1033.8625pt>
File: Images/MLP/Multilayer_Neural_Net.jpg Graphic file (type jpg)
<use Images/MLP/Multilayer_Neural_Net.jpg>
Package pdftex.def Info: Images/MLP/Multilayer_Neural_Net.jpg  used on input line 198.
(pdftex.def)             Requested size: 308.34654pt x 206.76883pt.
<Images/MLP/2_layer_neural_net.jpg, id=514, 640.3925pt x 797.98125pt>
File: Images/MLP/2_layer_neural_net.jpg Graphic file (type jpg)
<use Images/MLP/2_layer_neural_net.jpg>
Package pdftex.def Info: Images/MLP/2_layer_neural_net.jpg  used on input line 208.
(pdftex.def)             Requested size: 128.07622pt x 159.59341pt.
 [7 <./Images/MLP/Multilayer_Neural_Net.jpg> <./Images/MLP/2_layer_neural_net.jpg>] [8]
<Images/tarokhfig1.png, id=536, 456.70625pt x 314.17375pt>
File: Images/tarokhfig1.png Graphic file (type png)
<use Images/tarokhfig1.png>
Package pdftex.def Info: Images/tarokhfig1.png  used on input line 272.
(pdftex.def)             Requested size: 182.67926pt x 125.66727pt.
 [9 <./Images/tarokhfig1.png>] [10]
<Images/nn_example.png, id=553, 907.39pt x 427.5975pt>
File: Images/nn_example.png Graphic file (type png)
<use Images/nn_example.png>
Package pdftex.def Info: Images/nn_example.png  used on input line 320.
(pdftex.def)             Requested size: 272.2191pt x 128.28023pt.
 [11 <./Images/nn_example.png>] [12] [13] [14] [15] [16] [17] [18]
<Images/PyTorch/fashion.png, id=619, 462.528pt x 346.896pt>
File: Images/PyTorch/fashion.png Graphic file (type png)
<use Images/PyTorch/fashion.png>
Package pdftex.def Info: Images/PyTorch/fashion.png  used on input line 670.
(pdftex.def)             Requested size: 185.0079pt x 138.75594pt.
 [19] [20 <./Images/PyTorch/fashion.png>] [21] [22] [23] [24]
<Images/resnet_loss.png, id=664, 725.71124pt x 299.1175pt>
File: Images/resnet_loss.png Graphic file (type png)
<use Images/resnet_loss.png>
Package pdftex.def Info: Images/resnet_loss.png  used on input line 972.
(pdftex.def)             Requested size: 217.71504pt x 89.73593pt.
 [25 <./Images/resnet_loss.png>]
<Images/resnet-arch.png, id=685, 803.0pt x 309.155pt>
File: Images/resnet-arch.png Graphic file (type png)
<use Images/resnet-arch.png>
Package pdftex.def Info: Images/resnet-arch.png  used on input line 980.
(pdftex.def)             Requested size: 240.90186pt x 92.74721pt.
<Images/densenet.png, id=686, 340.27126pt x 258.9675pt>
File: Images/densenet.png Graphic file (type png)
<use Images/densenet.png>
Package pdftex.def Info: Images/densenet.png  used on input line 985.
(pdftex.def)             Requested size: 170.13521pt x 129.48341pt.
 [26 <./Images/resnet-arch.png> <./Images/densenet.png>] [27] [28]
<Images/pruned_network.png, id=709, 561.09625pt x 259.97125pt>
File: Images/pruned_network.png Graphic file (type png)
<use Images/pruned_network.png>
Package pdftex.def Info: Images/pruned_network.png  used on input line 1095.
(pdftex.def)             Requested size: 224.43452pt x 103.98665pt.
 [29 <./Images/pruned_network.png>]
<Images/loss_curve.png, id=720, 427.5975pt x 377.41pt>
File: Images/loss_curve.png Graphic file (type png)
<use Images/loss_curve.png>
Package pdftex.def Info: Images/loss_curve.png  used on input line 1126.
(pdftex.def)             Requested size: 213.79822pt x 188.70453pt.
 [30 <./Images/loss_curve.png>]
<Images/OpenCV/Park_Full.png, id=738, 481.8pt x 321.45094pt>
File: Images/OpenCV/Park_Full.png Graphic file (type png)
<use Images/OpenCV/Park_Full.png>
Package pdftex.def Info: Images/OpenCV/Park_Full.png  used on input line 1199.
(pdftex.def)             Requested size: 150.32504pt x 100.2913pt.
<Images/OpenCV/Mean_Blur.png, id=739, 481.8pt x 321.45094pt>
File: Images/OpenCV/Mean_Blur.png Graphic file (type png)
<use Images/OpenCV/Mean_Blur.png>
Package pdftex.def Info: Images/OpenCV/Mean_Blur.png  used on input line 1205.
(pdftex.def)             Requested size: 150.32504pt x 100.2913pt.
<Images/OpenCV/Gaussian_Blur.png, id=740, 481.8pt x 321.45094pt>
File: Images/OpenCV/Gaussian_Blur.png Graphic file (type png)
<use Images/OpenCV/Gaussian_Blur.png>
Package pdftex.def Info: Images/OpenCV/Gaussian_Blur.png  used on input line 1211.
(pdftex.def)             Requested size: 150.32504pt x 100.2913pt.
File: Images/OpenCV/Park_Full.png Graphic file (type png)
<use Images/OpenCV/Park_Full.png>
Package pdftex.def Info: Images/OpenCV/Park_Full.png  used on input line 1228.
(pdftex.def)             Requested size: 211.38832pt x 141.03174pt.
<Images/OpenCV/Sharpen.png, id=741, 481.8pt x 321.45094pt>
File: Images/OpenCV/Sharpen.png Graphic file (type png)
<use Images/OpenCV/Sharpen.png>
Package pdftex.def Info: Images/OpenCV/Sharpen.png  used on input line 1234.
(pdftex.def)             Requested size: 211.38832pt x 141.03174pt.
 [31 <./Images/OpenCV/Park_Full.png (PNG copy)> <./Images/OpenCV/Mean_Blur.png (PNG copy)> <./Images/OpenCV/Gaussian_Blur.png (PNG copy)>]
<Images/OpenCV/Horizontal.png, id=752, 481.8pt x 321.45094pt>
File: Images/OpenCV/Horizontal.png Graphic file (type png)
<use Images/OpenCV/Horizontal.png>
Package pdftex.def Info: Images/OpenCV/Horizontal.png  used on input line 1251.
(pdftex.def)             Requested size: 211.38832pt x 141.03174pt.
<Images/OpenCV/Vertical.png, id=753, 481.8pt x 321.45094pt>
File: Images/OpenCV/Vertical.png Graphic file (type png)
<use Images/OpenCV/Vertical.png>
Package pdftex.def Info: Images/OpenCV/Vertical.png  used on input line 1257.
(pdftex.def)             Requested size: 211.38832pt x 141.03174pt.
 [32 <./Images/OpenCV/Sharpen.png (PNG copy)> <./Images/OpenCV/Horizontal.png (PNG copy)> <./Images/OpenCV/Vertical.png (PNG copy)>] [33]
<Images/CNNs/kernel1.png, id=769, 829.0975pt x 392.46625pt>
File: Images/CNNs/kernel1.png Graphic file (type png)
<use Images/CNNs/kernel1.png>
Package pdftex.def Info: Images/CNNs/kernel1.png  used on input line 1303.
(pdftex.def)             Requested size: 248.73117pt x 117.74077pt.
<Images/CNNs/kernel2.png, id=770, 818.05624pt x 384.43625pt>
File: Images/CNNs/kernel2.png Graphic file (type png)
<use Images/CNNs/kernel2.png>
Package pdftex.def Info: Images/CNNs/kernel2.png  used on input line 1307.
(pdftex.def)             Requested size: 245.41876pt x 115.33176pt.
<Images/CNNs/kernel3.png, id=771, 723.70375pt x 368.37625pt>
File: Images/CNNs/kernel3.png Graphic file (type png)
<use Images/CNNs/kernel3.png>
Package pdftex.def Info: Images/CNNs/kernel3.png  used on input line 1311.
(pdftex.def)             Requested size: 217.1128pt x 110.51372pt.
 [34 <./Images/CNNs/kernel1.png> <./Images/CNNs/kernel2.png> <./Images/CNNs/kernel3.png>]
<Images/CNNs/max_pool1.png, id=780, 460.72125pt x 346.29375pt>
File: Images/CNNs/max_pool1.png Graphic file (type png)
<use Images/CNNs/max_pool1.png>
Package pdftex.def Info: Images/CNNs/max_pool1.png  used on input line 1328.
(pdftex.def)             Requested size: 138.21744pt x 103.88892pt.
<Images/CNNs/max_pool2.png, id=781, 742.775pt x 320.19624pt>
File: Images/CNNs/max_pool2.png Graphic file (type png)
<use Images/CNNs/max_pool2.png>
Package pdftex.def Info: Images/CNNs/max_pool2.png  used on input line 1332.
(pdftex.def)             Requested size: 222.83421pt x 96.0596pt.
<Images/CNNs/CNN_architecture.jpeg, id=782, 1650.165pt x 883.3pt>
File: Images/CNNs/CNN_architecture.jpeg Graphic file (type jpg)
<use Images/CNNs/CNN_architecture.jpeg>
Package pdftex.def Info: Images/CNNs/CNN_architecture.jpeg  used on input line 1342.
(pdftex.def)             Requested size: 412.54024pt x 220.82446pt.
 [35 <./Images/CNNs/max_pool1.png> <./Images/CNNs/max_pool2.png>] [36 <./Images/CNNs/CNN_architecture.jpeg>]
<Images/sliding_window.png, id=798, 880.79062pt x 475.7775pt>
File: Images/sliding_window.png Graphic file (type png)
<use Images/sliding_window.png>
Package pdftex.def Info: Images/sliding_window.png  used on input line 1386.
(pdftex.def)             Requested size: 264.23923pt x 142.73434pt.
 [37 <./Images/sliding_window.png (PNG copy)>]
<Images/selective_search.png, id=810, 813.0375pt x 442.65375pt>
File: Images/selective_search.png Graphic file (type png)
<use Images/selective_search.png>
Package pdftex.def Info: Images/selective_search.png  used on input line 1396.
(pdftex.def)             Requested size: 243.91313pt x 132.79713pt.
<Images/rcnn_diagram.png, id=811, 991.705pt x 367.3725pt>
File: Images/rcnn_diagram.png Graphic file (type png)
<use Images/rcnn_diagram.png>
Package pdftex.def Info: Images/rcnn_diagram.png  used on input line 1401.
(pdftex.def)             Requested size: 396.67497pt x 146.94638pt.
<Images/rcnn_diagram2.png, id=812, 413.29407pt x 365.11406pt>
File: Images/rcnn_diagram2.png Graphic file (type png)
<use Images/rcnn_diagram2.png>
Package pdftex.def Info: Images/rcnn_diagram2.png  used on input line 1406.
(pdftex.def)             Requested size: 206.64651pt x 182.55658pt.
 [38 <./Images/selective_search.png (PNG copy)> <./Images/rcnn_diagram.png>]
<Images/roi_pooling.png, id=822, 1190.19656pt x 660.21657pt>
File: Images/roi_pooling.png Graphic file (type png)
<use Images/roi_pooling.png>
Package pdftex.def Info: Images/roi_pooling.png  used on input line 1436.
(pdftex.def)             Requested size: 357.06172pt x 198.0665pt.
 [39 <./Images/rcnn_diagram2.png (PNG copy)>]
<Images/fast_rcnn.png, id=836, 1116.17pt x 453.695pt>
File: Images/fast_rcnn.png Graphic file (type png)
<use Images/fast_rcnn.png>
Package pdftex.def Info: Images/fast_rcnn.png  used on input line 1442.
(pdftex.def)             Requested size: 334.85358pt x 136.10954pt.
<Images/faster_rcnn_diagram.png, id=837, 542.025pt x 367.3725pt>
File: Images/faster_rcnn_diagram.png Graphic file (type png)
<use Images/faster_rcnn_diagram.png>
Package pdftex.def Info: Images/faster_rcnn_diagram.png  used on input line 1451.
(pdftex.def)             Requested size: 216.80615pt x 146.94638pt.
 [40 <./Images/roi_pooling.png (PNG copy)> <./Images/fast_rcnn.png>]
<Images/anchor_points.png, id=845, 933.4875pt x 480.29437pt>
File: Images/anchor_points.png Graphic file (type png)
<use Images/anchor_points.png>
Package pdftex.def Info: Images/anchor_points.png  used on input line 1458.
(pdftex.def)             Requested size: 186.69418pt x 96.05716pt.
<Images/anchor_boxes.png, id=846, 947.03813pt x 479.54156pt>
File: Images/anchor_boxes.png Graphic file (type png)
<use Images/anchor_boxes.png>
Package pdftex.def Info: Images/anchor_boxes.png  used on input line 1462.
(pdftex.def)             Requested size: 189.40427pt x 95.9066pt.
<Images/gt_sampling.png, id=847, 937.3419pt x 441.5697pt>
File: Images/gt_sampling.png Graphic file (type png)
<use Images/gt_sampling.png>
Package pdftex.def Info: Images/gt_sampling.png  used on input line 1466.
(pdftex.def)             Requested size: 187.46506pt x 88.31236pt.
 [41 <./Images/faster_rcnn_diagram.png (PNG copy)> <./Images/anchor_points.png (PNG copy)> <./Images/anchor_boxes.png (PNG copy)> <./Images/gt_sampling.png>] [42] [43] [44]
<Images/ICA_example.png, id=886, 613.54219pt x 496.10344pt>
File: Images/ICA_example.png Graphic file (type png)
<use Images/ICA_example.png>
Package pdftex.def Info: Images/ICA_example.png  used on input line 1585.
(pdftex.def)             Requested size: 245.41252pt x 198.43785pt.
 [45 <./Images/ICA_example.png (PNG copy)>]
<Images/slow_feature.png, id=896, 631.60968pt x 244.66406pt>
File: Images/slow_feature.png Graphic file (type png)
<use Images/slow_feature.png>
Package pdftex.def Info: Images/slow_feature.png  used on input line 1602.
(pdftex.def)             Requested size: 252.63939pt x 97.86388pt.
<Images/sparse_coding.png, id=897, 817.55438pt x 344.03531pt>
File: Images/sparse_coding.png Graphic file (type png)
<use Images/sparse_coding.png>
Package pdftex.def Info: Images/sparse_coding.png  used on input line 1619.
(pdftex.def)             Requested size: 327.01596pt x 137.61168pt.
 [46 <./Images/slow_feature.png (PNG copy)>] [47 <./Images/sparse_coding.png (PNG copy)>]
<Images/autoencoder_example.png, id=911, 824.32968pt x 383.93437pt>
File: Images/autoencoder_example.png Graphic file (type png)
<use Images/autoencoder_example.png>
Package pdftex.def Info: Images/autoencoder_example.png  used on input line 1667.
(pdftex.def)             Requested size: 329.72603pt x 153.57101pt.
<Images/denoising_autoencoder.png, id=912, 1001.24063pt x 573.64313pt>
File: Images/denoising_autoencoder.png Graphic file (type png)
<use Images/denoising_autoencoder.png>
Package pdftex.def Info: Images/denoising_autoencoder.png  used on input line 1681.
(pdftex.def)             Requested size: 300.37451pt x 172.09425pt.
 [48 <./Images/autoencoder_example.png (PNG copy)>] [49 <./Images/denoising_autoencoder.png (PNG copy)>]
<Images/dir_prior.png, id=930, 344.78813pt x 144.54pt>
File: Images/dir_prior.png Graphic file (type png)
<use Images/dir_prior.png>
Package pdftex.def Info: Images/dir_prior.png  used on input line 1759.
(pdftex.def)             Requested size: 172.39363pt x 72.2698pt.
<Images/shared_dir_prior.png, id=931, 346.29375pt x 149.8097pt>
File: Images/shared_dir_prior.png Graphic file (type png)
<use Images/shared_dir_prior.png>
Package pdftex.def Info: Images/shared_dir_prior.png  used on input line 1763.
(pdftex.def)             Requested size: 173.14644pt x 74.90465pt.
 [50]
[51 <./Images/dir_prior.png (PNG copy)> <./Images/shared_dir_prior.png (PNG copy)>]
<Images/bilinear_gaussian.png, id=949, 313.9228pt x 137.01187pt>
File: Images/bilinear_gaussian.png Graphic file (type png)
<use Images/bilinear_gaussian.png>
Package pdftex.def Info: Images/bilinear_gaussian.png  used on input line 1799.
(pdftex.def)             Requested size: 188.35512pt x 82.20775pt.
<Images/iid_conditional_independence.png, id=950, 257.46187pt x 341.02406pt>
File: Images/iid_conditional_independence.png Graphic file (type png)
<use Images/iid_conditional_independence.png>
Package pdftex.def Info: Images/iid_conditional_independence.png  used on input line 1814.
(pdftex.def)             Requested size: 154.4783pt x 204.61601pt.
<Images/markov_blanket.png, id=951, 445.665pt x 171.64125pt>
File: Images/markov_blanket.png Graphic file (type png)
<use Images/markov_blanket.png>
Package pdftex.def Info: Images/markov_blanket.png  used on input line 1823.
(pdftex.def)             Requested size: 267.40106pt x 102.98552pt.
 [52 <./Images/bilinear_gaussian.png (PNG copy)> <./Images/iid_conditional_independence.png (PNG copy)>]
<Images/conditional_independence_undirected.png, id=960, 392.96812pt x 279.29344pt>
File: Images/conditional_independence_undirected.png Graphic file (type png)
<use Images/conditional_independence_undirected.png>
Package pdftex.def Info: Images/conditional_independence_undirected.png  used on input line 1836.
(pdftex.def)             Requested size: 157.18445pt x 111.7154pt.
<Images/markov_blanket_undirected.png, id=961, 154.32657pt x 185.94469pt>
File: Images/markov_blanket_undirected.png Graphic file (type png)
<use Images/markov_blanket_undirected.png>
Package pdftex.def Info: Images/markov_blanket_undirected.png  used on input line 1843.
(pdftex.def)             Requested size: 61.72952pt x 74.37654pt.
 [53 <./Images/markov_blanket.png (PNG copy)> <./Images/conditional_independence_undirected.png (PNG copy)> <./Images/markov_blanket_undirected.png (PNG copy)>]
<Images/clique_factor.png, id=970, 164.11313pt x 175.40532pt>
File: Images/clique_factor.png Graphic file (type png)
<use Images/clique_factor.png>
Package pdftex.def Info: Images/clique_factor.png  used on input line 1871.
(pdftex.def)             Requested size: 82.05635pt x 87.70244pt.
 [54 <./Images/clique_factor.png (PNG copy)>] [55] [56]
<Images/Boltzmann_lateral.png, id=995, 293.59688pt x 258.21469pt>
File: Images/Boltzmann_lateral.png Graphic file (type png)
<use Images/Boltzmann_lateral.png>
Package pdftex.def Info: Images/Boltzmann_lateral.png  used on input line 2004.
(pdftex.def)             Requested size: 117.43666pt x 103.28404pt.
<Images/rbm_layer.png, id=996, 667.49374pt x 313.17pt>
File: Images/rbm_layer.png Graphic file (type png)
<use Images/rbm_layer.png>
Package pdftex.def Info: Images/rbm_layer.png  used on input line 2014.
(pdftex.def)             Requested size: 266.99277pt x 125.26576pt.
 [57 <./Images/boltzmann_lateral.png (PNG copy)> <./Images/rbm_layer.png (PNG copy)>]
<Images/softplus.png, id=1004, 469.00218pt x 246.1697pt>
File: Images/softplus.png Graphic file (type png)
<use Images/softplus.png>
Package pdftex.def Info: Images/softplus.png  used on input line 2064.
(pdftex.def)             Requested size: 187.59755pt x 98.46613pt.
 [58 <./Images/softplus.png (PNG copy)>] [59]
<Images/contrastive_divergence.png, id=1022, 880.79062pt x 277.78781pt>
File: Images/contrastive_divergence.png Graphic file (type png)
<use Images/contrastive_divergence.png>
Package pdftex.def Info: Images/contrastive_divergence.png  used on input line 2116.
(pdftex.def)             Requested size: 352.31pt x 111.11314pt.
 [60 <./Images/contrastive_divergence.png (PNG copy)>]
<Images/mnist_autoencoder.png, id=1028, 566.86781pt x 459.96844pt>
File: Images/mnist_autoencoder.png Graphic file (type png)
<use Images/mnist_autoencoder.png>
Package pdftex.def Info: Images/mnist_autoencoder.png  used on input line 2150.
(pdftex.def)             Requested size: 226.7431pt x 183.98412pt.
<Images/ciontiguous_encoding.png, id=1029, 913.91437pt x 490.83376pt>
File: Images/ciontiguous_encoding.png Graphic file (type png)
<use Images/ciontiguous_encoding.png>
Package pdftex.def Info: Images/ciontiguous_encoding.png  used on input line 2154.
(pdftex.def)             Requested size: 274.17642pt x 147.25125pt.
 [61 <./Images/mnist_autoencoder.png (PNG copy)>] [62 <./Images/ciontiguous_encoding.png (PNG copy)>]
<Images/VAE_framework.png, id=1045, 502.87875pt x 502.12593pt>
File: Images/VAE_framework.png Graphic file (type png)
<use Images/VAE_framework.png>
Package pdftex.def Info: Images/VAE_framework.png  used on input line 2190.
(pdftex.def)             Requested size: 201.14793pt x 200.84682pt.
 [63 <./Images/VAE_framework.png (PNG copy)>] [64]
<Images/training_vs_model_samples.png, id=1060, 554.82281pt x 361.35pt>
File: Images/training_vs_model_samples.png Graphic file (type png)
<use Images/training_vs_model_samples.png>
Package pdftex.def Info: Images/training_vs_model_samples.png  used on input line 2263.
(pdftex.def)             Requested size: 221.92519pt x 144.53743pt.
<Images/implicit_gen_models.png, id=1061, 776.9025pt x 344.78813pt>
File: Images/implicit_gen_models.png Graphic file (type png)
<use Images/implicit_gen_models.png>
Package pdftex.def Info: Images/implicit_gen_models.png  used on input line 2267.
(pdftex.def)             Requested size: 310.7555pt x 137.9128pt.
 [65 <./Images/training_vs_model_samples.png (PNG copy)> <./Images/implicit_gen_models.png (PNG copy)>]
<Images/general_gan_architecture.png, id=1068, 810.77907pt x 381.67593pt>
File: Images/general_gan_architecture.png Graphic file (type png)
<use Images/general_gan_architecture.png>
Package pdftex.def Info: Images/general_gan_architecture.png  used on input line 2277.
(pdftex.def)             Requested size: 324.30588pt x 152.66766pt.
<Images/alternative_gd.png, id=1069, 824.32968pt x 518.6878pt>
File: Images/alternative_gd.png Graphic file (type png)
<use Images/alternative_gd.png>
Package pdftex.def Info: Images/alternative_gd.png  used on input line 2286.
(pdftex.def)             Requested size: 329.72603pt x 207.47144pt.
 [66 <./Images/general_gan_architecture.png (PNG copy)> <./Images/alternative_gd.png (PNG copy)>]
<Images/nash_equilibrium.png, id=1076, 800.9925pt x 533.74406pt>
File: Images/nash_equilibrium.png Graphic file (type png)
<use Images/nash_equilibrium.png>
Package pdftex.def Info: Images/nash_equilibrium.png  used on input line 2307.
(pdftex.def)             Requested size: 320.39133pt x 213.49384pt.
 [67 <./Images/nash_equilibrium.png (PNG copy)>]
<Images/RNNs/NNs_vs_RNN.png, id=1084, 1093.08376pt x 643.40375pt>
File: Images/RNNs/NNs_vs_RNN.png Graphic file (type png)
<use Images/RNNs/NNs_vs_RNN.png>
Package pdftex.def Info: Images/RNNs/NNs_vs_RNN.png  used on input line 2356.
(pdftex.def)             Requested size: 273.27026pt x 160.85054pt.
 [68]
<Images/RNNs/One_Layer_RNN.png, id=1092, 1219.55624pt x 459.7175pt>
File: Images/RNNs/One_Layer_RNN.png Graphic file (type png)
<use Images/RNNs/One_Layer_RNN.png>
Package pdftex.def Info: Images/RNNs/One_Layer_RNN.png  used on input line 2381.
(pdftex.def)             Requested size: 365.86969pt x 137.9163pt.
 [69 <./Images/RNNs/NNs_vs_RNN.png>]
<Images/RNNs/RNN_as_MLP.png, id=1101, 507.8975pt x 346.29375pt>
File: Images/RNNs/RNN_as_MLP.png Graphic file (type png)
<use Images/RNNs/RNN_as_MLP.png>
Package pdftex.def Info: Images/RNNs/RNN_as_MLP.png  used on input line 2398.
(pdftex.def)             Requested size: 152.37042pt x 103.88892pt.
 [70 <./Images/RNNs/One_Layer_RNN.png> <./Images/RNNs/RNN_as_MLP.png>]
<Images/RNNs/Loss.png, id=1113, 1252.68pt x 724.7075pt>
File: Images/RNNs/Loss.png Graphic file (type png)
<use Images/RNNs/Loss.png>
Package pdftex.def Info: Images/RNNs/Loss.png  used on input line 2407.
(pdftex.def)             Requested size: 375.8069pt x 217.41393pt.
 [71 <./Images/RNNs/Loss.png>]
<Images/RNNs/Multilayer_RNN.png, id=1119, 1291.82625pt x 813.0375pt>
File: Images/RNNs/Multilayer_RNN.png Graphic file (type png)
<use Images/RNNs/Multilayer_RNN.png>
Package pdftex.def Info: Images/RNNs/Multilayer_RNN.png  used on input line 2429.
(pdftex.def)             Requested size: 387.55087pt x 243.91313pt.
 [72 <./Images/RNNs/Multilayer_RNN.png>]
<Images/RNNs/PyTorch_RNN.png, id=1125, 1300.86pt x 698.61pt>
File: Images/RNNs/PyTorch_RNN.png Graphic file (type png)
<use Images/RNNs/PyTorch_RNN.png>
Package pdftex.def Info: Images/RNNs/PyTorch_RNN.png  used on input line 2470.
(pdftex.def)             Requested size: 390.26102pt x 209.58461pt.
 [73 <./Images/RNNs/PyTorch_RNN.png>]
<Images/RNNs/one_layer_LSTM.png, id=1132, 1326.9575pt x 537.00626pt>
File: Images/RNNs/one_layer_LSTM.png Graphic file (type png)
<use Images/RNNs/one_layer_LSTM.png>
Package pdftex.def Info: Images/RNNs/one_layer_LSTM.png  used on input line 2490.
(pdftex.def)             Requested size: 398.09032pt x 161.10312pt.
<Images/RNNs/LSTM_node_1.png, id=1133, 1048.91875pt x 547.04375pt>
File: Images/RNNs/LSTM_node_1.png Graphic file (type png)
<use Images/RNNs/LSTM_node_1.png>
Package pdftex.def Info: Images/RNNs/LSTM_node_1.png  used on input line 2499.
(pdftex.def)             Requested size: 262.22903pt x 136.76059pt.
 [74 <./Images/RNNs/one_layer_LSTM.png>]
<Images/RNNs/LSTM_node_2.png, id=1144, 1036.87375pt x 559.08875pt>
File: Images/RNNs/LSTM_node_2.png Graphic file (type png)
<use Images/RNNs/LSTM_node_2.png>
Package pdftex.def Info: Images/RNNs/LSTM_node_2.png  used on input line 2511.
(pdftex.def)             Requested size: 259.2178pt x 139.77184pt.
<Images/RNNs/LSTM_node_3.png, id=1145, 1131.22626pt x 762.85pt>
File: Images/RNNs/LSTM_node_3.png Graphic file (type png)
<use Images/RNNs/LSTM_node_3.png>
Package pdftex.def Info: Images/RNNs/LSTM_node_3.png  used on input line 2521.
(pdftex.def)             Requested size: 282.80586pt x 190.71204pt.
 [75 <./Images/RNNs/LSTM_node_1.png> <./Images/RNNs/LSTM_node_2.png>]
<Images/RNNs/multilayer_LSTM.png, id=1153, 1326.9575pt x 709.65125pt>
File: Images/RNNs/multilayer_LSTM.png Graphic file (type png)
<use Images/RNNs/multilayer_LSTM.png>
Package pdftex.def Info: Images/RNNs/multilayer_LSTM.png  used on input line 2536.
(pdftex.def)             Requested size: 398.09032pt x 212.897pt.
 [76 <./Images/RNNs/LSTM_node_3.png>] [77 <./Images/RNNs/multilayer_LSTM.png>]
File: Images/RNNs/NNs_vs_RNN.png Graphic file (type png)
<use Images/RNNs/NNs_vs_RNN.png>
Package pdftex.def Info: Images/RNNs/NNs_vs_RNN.png  used on input line 2581.
(pdftex.def)             Requested size: 273.27026pt x 160.85054pt.
 [78]
<Images/encoder_decoder_RNN.png, id=1179, 1327.96124pt x 611.28375pt>
File: Images/encoder_decoder_RNN.png Graphic file (type png)
<use Images/encoder_decoder_RNN.png>
Package pdftex.def Info: Images/encoder_decoder_RNN.png  used on input line 2605.
(pdftex.def)             Requested size: 398.39145pt x 183.38654pt.
<Images/encoder_decoder_LSTM.png, id=1180, 1327.96124pt x 787.94376pt>
File: Images/encoder_decoder_LSTM.png Graphic file (type png)
<use Images/encoder_decoder_LSTM.png>
Package pdftex.def Info: Images/encoder_decoder_LSTM.png  used on input line 2611.
(pdftex.def)             Requested size: 398.39145pt x 236.38495pt.
 [79 <./Images/encoder_decoder_RNN.png>]
<Images/beam1.png, id=1190, 409.53pt x 332.24126pt>
File: Images/beam1.png Graphic file (type png)
<use Images/beam1.png>
Package pdftex.def Info: Images/beam1.png  used on input line 2623.
(pdftex.def)             Requested size: 122.85994pt x 99.67314pt.
<Images/beam2.png, id=1191, 334.24875pt x 377.41pt>
File: Images/beam2.png Graphic file (type png)
<use Images/beam2.png>
Package pdftex.def Info: Images/beam2.png  used on input line 2628.
(pdftex.def)             Requested size: 100.27539pt x 113.22386pt.
 [80 <./Images/encoder_decoder_LSTM.png> <./Images/beam1.png>]
<Images/beam3.png, id=1201, 492.84125pt x 405.515pt>
File: Images/beam3.png Graphic file (type png)
<use Images/beam3.png>
Package pdftex.def Info: Images/beam3.png  used on input line 2633.
(pdftex.def)             Requested size: 147.8535pt x 121.65543pt.
<Images/beam4.png, id=1202, 970.62625pt x 463.7325pt>
File: Images/beam4.png Graphic file (type png)
<use Images/beam4.png>
Package pdftex.def Info: Images/beam4.png  used on input line 2638.
(pdftex.def)             Requested size: 291.19012pt x 139.12082pt.
 [81 <./Images/beam2.png> <./Images/beam3.png> <./Images/beam4.png>]
<Images/autoencoder.png, id=1213, 780.9175pt x 528.97626pt>
File: Images/autoencoder.png Graphic file (type png)
<use Images/autoencoder.png>
Package pdftex.def Info: Images/autoencoder.png  used on input line 2649.
(pdftex.def)             Requested size: 234.27705pt x 158.69409pt.
<Images/transfer_autoencoder.png, id=1214, 1264.725pt x 370.38374pt>
File: Images/transfer_autoencoder.png Graphic file (type png)
<use Images/transfer_autoencoder.png>
Package pdftex.def Info: Images/transfer_autoencoder.png  used on input line 2655.
(pdftex.def)             Requested size: 417.36055pt x 122.227pt.
<Images/image_captioning.png, id=1215, 1405.25pt x 547.04375pt>
File: Images/image_captioning.png Graphic file (type png)
<use Images/image_captioning.png>
Package pdftex.def Info: Images/image_captioning.png  used on input line 2662.
(pdftex.def)             Requested size: 421.57826pt x 164.11438pt.
 [82 <./Images/autoencoder.png> <./Images/transfer_autoencoder.png>] [83 <./Images/image_captioning.png>]
<Images/seq2seq_attention.png, id=1234, 801.99625pt x 608.2725pt>
File: Images/seq2seq_attention.png Graphic file (type png)
<use Images/seq2seq_attention.png>
Package pdftex.def Info: Images/seq2seq_attention.png  used on input line 2700.
(pdftex.def)             Requested size: 320.79282pt x 243.30469pt.
 [84 <./Images/seq2seq_attention.png>]
<Images/attention_distribution.png, id=1243, 537.00626pt x 391.4625pt>
File: Images/attention_distribution.png Graphic file (type png)
<use Images/attention_distribution.png>
Package pdftex.def Info: Images/attention_distribution.png  used on input line 2718.
(pdftex.def)             Requested size: 161.10312pt x 117.43965pt.
 [85 <./Images/attention_distribution.png>] 
enddocument/afterlastpage: lastpage setting LastPage.
(./Deep_Learning.aux)
Package rerunfilecheck Info: File `Deep_Learning.out' has not changed.
(rerunfilecheck)             Checksum: 4CBD6E1609CD76E14F82F62FE1EB38BD;13968.
 ) 
Here is how much of TeX's memory you used:
 38598 strings out of 477985
 889936 string characters out of 5840058
 1889388 words of memory out of 5000000
 57686 multiletter control sequences out of 15000+600000
 529531 words of font info for 99 fonts, out of 8000000 for 9000
 14 hyphenation exceptions out of 8191
 116i,20n,118p,1096b,1156s stack positions out of 10000i,1000n,20000p,200000b,200000s
</usr/share/texmf-dist/fonts/type1/public/amsfonts/cm/cmbx10.pfb></usr/share/texmf-dist/fonts/type1/public/amsfonts/cm/cmbx12.pfb></usr/share/texmf-dist/fonts/type1/public/amsfonts/cm/cmbx7.pfb></usr/share/texmf-dist/fonts/type1/public/amsfonts/cm/cmbx9.pfb></usr/share/texmf-dist/fonts/type1/public/amsfonts/cm/cmex10.pfb></usr/share/texmf-dist/fonts/type1/public/amsfonts/cm/cmmi10.pfb></usr/share/texmf-dist/fonts/type1/public/amsfonts/cm/cmmi5.pfb></usr/share/texmf-dist/fonts/type1/public/amsfonts/cm/cmmi7.pfb></usr/share/texmf-dist/fonts/type1/public/amsfonts/cm/cmmi9.pfb></usr/share/texmf-dist/fonts/type1/public/amsfonts/cm/cmmib10.pfb></usr/share/texmf-dist/fonts/type1/public/amsfonts/cmextra/cmmib7.pfb></usr/share/texmf-dist/fonts/type1/public/amsfonts/cm/cmr10.pfb></usr/share/texmf-dist/fonts/type1/public/amsfonts/cm/cmr12.pfb></usr/share/texmf-dist/fonts/type1/public/amsfonts/cm/cmr17.pfb></usr/share/texmf-dist/fonts/type1/public/amsfonts/cm/cmr5.pfb></usr/share/texmf-dist/fonts/type1/public/amsfonts/cm/cmr6.pfb></usr/share/texmf-dist/fonts/type1/public/amsfonts/cm/cmr7.pfb></usr/share/texmf-dist/fonts/type1/public/amsfonts/cm/cmr9.pfb></usr/share/texmf-dist/fonts/type1/public/amsfonts/cm/cmsy10.pfb></usr/share/texmf-dist/fonts/type1/public/amsfonts/cm/cmsy5.pfb></usr/share/texmf-dist/fonts/type1/public/amsfonts/cm/cmsy7.pfb></usr/share/texmf-dist/fonts/type1/public/amsfonts/cm/cmsy9.pfb></usr/share/texmf-dist/fonts/type1/public/amsfonts/cm/cmti10.pfb></usr/share/texmf-dist/fonts/type1/public/amsfonts/cm/cmtt10.pfb></usr/share/texmf-dist/fonts/type1/public/amsfonts/symbols/msam10.pfb></usr/share/texmf-dist/fonts/type1/public/amsfonts/symbols/msbm10.pfb>
Output written on Deep_Learning.pdf (85 pages, 14843241 bytes).
PDF statistics:
 1446 PDF objects out of 1728 (max. 8388607)
 1179 compressed objects within 12 object streams
 393 named destinations out of 1000 (max. 500000)
 1113 words of extra memory for PDF output out of 10000 (max. 10000000)

